Start testing: Feb 25 08:18 UTC
----------------------------------------------------------
1/286 Testing: Smoke.AlwaysPasses
1/286 Test: Smoke.AlwaysPasses
Command: "/home/runner/work/Gector2/Gector2/build_verify/tests/test_smoke" "--gtest_filter=Smoke.AlwaysPasses" "--gtest_also_run_disabled_tests"
Directory: /home/runner/work/Gector2/Gector2/build_verify/tests
"Smoke.AlwaysPasses" start time: Feb 25 08:18 UTC
Output:
----------------------------------------------------------
Running main() from /home/runner/work/Gector2/Gector2/build_verify/_deps/googletest-src/googletest/src/gtest_main.cc
Note: Google Test filter = Smoke.AlwaysPasses
[==========] Running 1 test from 1 test suite.
[----------] Global test environment set-up.
[----------] 1 test from Smoke
[ RUN      ] Smoke.AlwaysPasses
[       OK ] Smoke.AlwaysPasses (0 ms)
[----------] 1 test from Smoke (0 ms total)

[----------] Global test environment tear-down
[==========] 1 test from 1 test suite ran. (0 ms total)
[  PASSED  ] 1 test.
<end of output>
Test time =   0.00 sec
----------------------------------------------------------
Test Passed.
"Smoke.AlwaysPasses" end time: Feb 25 08:18 UTC
"Smoke.AlwaysPasses" time elapsed: 00:00:00
----------------------------------------------------------

2/286 Testing: Smoke.AssertNear
2/286 Test: Smoke.AssertNear
Command: "/home/runner/work/Gector2/Gector2/build_verify/tests/test_smoke" "--gtest_filter=Smoke.AssertNear" "--gtest_also_run_disabled_tests"
Directory: /home/runner/work/Gector2/Gector2/build_verify/tests
"Smoke.AssertNear" start time: Feb 25 08:18 UTC
Output:
----------------------------------------------------------
Running main() from /home/runner/work/Gector2/Gector2/build_verify/_deps/googletest-src/googletest/src/gtest_main.cc
Note: Google Test filter = Smoke.AssertNear
[==========] Running 1 test from 1 test suite.
[----------] Global test environment set-up.
[----------] 1 test from Smoke
[ RUN      ] Smoke.AssertNear
[       OK ] Smoke.AssertNear (0 ms)
[----------] 1 test from Smoke (0 ms total)

[----------] Global test environment tear-down
[==========] 1 test from 1 test suite ran. (0 ms total)
[  PASSED  ] 1 test.
<end of output>
Test time =   0.00 sec
----------------------------------------------------------
Test Passed.
"Smoke.AssertNear" end time: Feb 25 08:18 UTC
"Smoke.AssertNear" time elapsed: 00:00:00
----------------------------------------------------------

3/286 Testing: Vec2.DefaultConstruction
3/286 Test: Vec2.DefaultConstruction
Command: "/home/runner/work/Gector2/Gector2/build_verify/tests/test_vec2" "--gtest_filter=Vec2.DefaultConstruction" "--gtest_also_run_disabled_tests"
Directory: /home/runner/work/Gector2/Gector2/build_verify/tests
"Vec2.DefaultConstruction" start time: Feb 25 08:18 UTC
Output:
----------------------------------------------------------
Running main() from /home/runner/work/Gector2/Gector2/build_verify/_deps/googletest-src/googletest/src/gtest_main.cc
Note: Google Test filter = Vec2.DefaultConstruction
[==========] Running 1 test from 1 test suite.
[----------] Global test environment set-up.
[----------] 1 test from Vec2
[ RUN      ] Vec2.DefaultConstruction
[       OK ] Vec2.DefaultConstruction (0 ms)
[----------] 1 test from Vec2 (0 ms total)

[----------] Global test environment tear-down
[==========] 1 test from 1 test suite ran. (0 ms total)
[  PASSED  ] 1 test.
<end of output>
Test time =   0.00 sec
----------------------------------------------------------
Test Passed.
"Vec2.DefaultConstruction" end time: Feb 25 08:18 UTC
"Vec2.DefaultConstruction" time elapsed: 00:00:00
----------------------------------------------------------

4/286 Testing: Vec2.ValueConstruction
4/286 Test: Vec2.ValueConstruction
Command: "/home/runner/work/Gector2/Gector2/build_verify/tests/test_vec2" "--gtest_filter=Vec2.ValueConstruction" "--gtest_also_run_disabled_tests"
Directory: /home/runner/work/Gector2/Gector2/build_verify/tests
"Vec2.ValueConstruction" start time: Feb 25 08:18 UTC
Output:
----------------------------------------------------------
Running main() from /home/runner/work/Gector2/Gector2/build_verify/_deps/googletest-src/googletest/src/gtest_main.cc
Note: Google Test filter = Vec2.ValueConstruction
[==========] Running 1 test from 1 test suite.
[----------] Global test environment set-up.
[----------] 1 test from Vec2
[ RUN      ] Vec2.ValueConstruction
[       OK ] Vec2.ValueConstruction (0 ms)
[----------] 1 test from Vec2 (0 ms total)

[----------] Global test environment tear-down
[==========] 1 test from 1 test suite ran. (0 ms total)
[  PASSED  ] 1 test.
<end of output>
Test time =   0.00 sec
----------------------------------------------------------
Test Passed.
"Vec2.ValueConstruction" end time: Feb 25 08:18 UTC
"Vec2.ValueConstruction" time elapsed: 00:00:00
----------------------------------------------------------

5/286 Testing: Vec2.StaticFactories
5/286 Test: Vec2.StaticFactories
Command: "/home/runner/work/Gector2/Gector2/build_verify/tests/test_vec2" "--gtest_filter=Vec2.StaticFactories" "--gtest_also_run_disabled_tests"
Directory: /home/runner/work/Gector2/Gector2/build_verify/tests
"Vec2.StaticFactories" start time: Feb 25 08:18 UTC
Output:
----------------------------------------------------------
Running main() from /home/runner/work/Gector2/Gector2/build_verify/_deps/googletest-src/googletest/src/gtest_main.cc
Note: Google Test filter = Vec2.StaticFactories
[==========] Running 1 test from 1 test suite.
[----------] Global test environment set-up.
[----------] 1 test from Vec2
[ RUN      ] Vec2.StaticFactories
[       OK ] Vec2.StaticFactories (0 ms)
[----------] 1 test from Vec2 (0 ms total)

[----------] Global test environment tear-down
[==========] 1 test from 1 test suite ran. (0 ms total)
[  PASSED  ] 1 test.
<end of output>
Test time =   0.00 sec
----------------------------------------------------------
Test Passed.
"Vec2.StaticFactories" end time: Feb 25 08:18 UTC
"Vec2.StaticFactories" time elapsed: 00:00:00
----------------------------------------------------------

6/286 Testing: Vec2.Addition
6/286 Test: Vec2.Addition
Command: "/home/runner/work/Gector2/Gector2/build_verify/tests/test_vec2" "--gtest_filter=Vec2.Addition" "--gtest_also_run_disabled_tests"
Directory: /home/runner/work/Gector2/Gector2/build_verify/tests
"Vec2.Addition" start time: Feb 25 08:18 UTC
Output:
----------------------------------------------------------
Running main() from /home/runner/work/Gector2/Gector2/build_verify/_deps/googletest-src/googletest/src/gtest_main.cc
Note: Google Test filter = Vec2.Addition
[==========] Running 1 test from 1 test suite.
[----------] Global test environment set-up.
[----------] 1 test from Vec2
[ RUN      ] Vec2.Addition
[       OK ] Vec2.Addition (0 ms)
[----------] 1 test from Vec2 (0 ms total)

[----------] Global test environment tear-down
[==========] 1 test from 1 test suite ran. (0 ms total)
[  PASSED  ] 1 test.
<end of output>
Test time =   0.00 sec
----------------------------------------------------------
Test Passed.
"Vec2.Addition" end time: Feb 25 08:18 UTC
"Vec2.Addition" time elapsed: 00:00:00
----------------------------------------------------------

7/286 Testing: Vec2.Subtraction
7/286 Test: Vec2.Subtraction
Command: "/home/runner/work/Gector2/Gector2/build_verify/tests/test_vec2" "--gtest_filter=Vec2.Subtraction" "--gtest_also_run_disabled_tests"
Directory: /home/runner/work/Gector2/Gector2/build_verify/tests
"Vec2.Subtraction" start time: Feb 25 08:18 UTC
Output:
----------------------------------------------------------
Running main() from /home/runner/work/Gector2/Gector2/build_verify/_deps/googletest-src/googletest/src/gtest_main.cc
Note: Google Test filter = Vec2.Subtraction
[==========] Running 1 test from 1 test suite.
[----------] Global test environment set-up.
[----------] 1 test from Vec2
[ RUN      ] Vec2.Subtraction
[       OK ] Vec2.Subtraction (0 ms)
[----------] 1 test from Vec2 (0 ms total)

[----------] Global test environment tear-down
[==========] 1 test from 1 test suite ran. (0 ms total)
[  PASSED  ] 1 test.
<end of output>
Test time =   0.00 sec
----------------------------------------------------------
Test Passed.
"Vec2.Subtraction" end time: Feb 25 08:18 UTC
"Vec2.Subtraction" time elapsed: 00:00:00
----------------------------------------------------------

8/286 Testing: Vec2.ScalarMultiplication
8/286 Test: Vec2.ScalarMultiplication
Command: "/home/runner/work/Gector2/Gector2/build_verify/tests/test_vec2" "--gtest_filter=Vec2.ScalarMultiplication" "--gtest_also_run_disabled_tests"
Directory: /home/runner/work/Gector2/Gector2/build_verify/tests
"Vec2.ScalarMultiplication" start time: Feb 25 08:18 UTC
Output:
----------------------------------------------------------
Running main() from /home/runner/work/Gector2/Gector2/build_verify/_deps/googletest-src/googletest/src/gtest_main.cc
Note: Google Test filter = Vec2.ScalarMultiplication
[==========] Running 1 test from 1 test suite.
[----------] Global test environment set-up.
[----------] 1 test from Vec2
[ RUN      ] Vec2.ScalarMultiplication
[       OK ] Vec2.ScalarMultiplication (0 ms)
[----------] 1 test from Vec2 (0 ms total)

[----------] Global test environment tear-down
[==========] 1 test from 1 test suite ran. (0 ms total)
[  PASSED  ] 1 test.
<end of output>
Test time =   0.00 sec
----------------------------------------------------------
Test Passed.
"Vec2.ScalarMultiplication" end time: Feb 25 08:18 UTC
"Vec2.ScalarMultiplication" time elapsed: 00:00:00
----------------------------------------------------------

9/286 Testing: Vec2.ScalarDivision
9/286 Test: Vec2.ScalarDivision
Command: "/home/runner/work/Gector2/Gector2/build_verify/tests/test_vec2" "--gtest_filter=Vec2.ScalarDivision" "--gtest_also_run_disabled_tests"
Directory: /home/runner/work/Gector2/Gector2/build_verify/tests
"Vec2.ScalarDivision" start time: Feb 25 08:18 UTC
Output:
----------------------------------------------------------
Running main() from /home/runner/work/Gector2/Gector2/build_verify/_deps/googletest-src/googletest/src/gtest_main.cc
Note: Google Test filter = Vec2.ScalarDivision
[==========] Running 1 test from 1 test suite.
[----------] Global test environment set-up.
[----------] 1 test from Vec2
[ RUN      ] Vec2.ScalarDivision
[       OK ] Vec2.ScalarDivision (0 ms)
[----------] 1 test from Vec2 (0 ms total)

[----------] Global test environment tear-down
[==========] 1 test from 1 test suite ran. (0 ms total)
[  PASSED  ] 1 test.
<end of output>
Test time =   0.00 sec
----------------------------------------------------------
Test Passed.
"Vec2.ScalarDivision" end time: Feb 25 08:18 UTC
"Vec2.ScalarDivision" time elapsed: 00:00:00
----------------------------------------------------------

10/286 Testing: Vec2.Negation
10/286 Test: Vec2.Negation
Command: "/home/runner/work/Gector2/Gector2/build_verify/tests/test_vec2" "--gtest_filter=Vec2.Negation" "--gtest_also_run_disabled_tests"
Directory: /home/runner/work/Gector2/Gector2/build_verify/tests
"Vec2.Negation" start time: Feb 25 08:18 UTC
Output:
----------------------------------------------------------
Running main() from /home/runner/work/Gector2/Gector2/build_verify/_deps/googletest-src/googletest/src/gtest_main.cc
Note: Google Test filter = Vec2.Negation
[==========] Running 1 test from 1 test suite.
[----------] Global test environment set-up.
[----------] 1 test from Vec2
[ RUN      ] Vec2.Negation
[       OK ] Vec2.Negation (0 ms)
[----------] 1 test from Vec2 (0 ms total)

[----------] Global test environment tear-down
[==========] 1 test from 1 test suite ran. (0 ms total)
[  PASSED  ] 1 test.
<end of output>
Test time =   0.00 sec
----------------------------------------------------------
Test Passed.
"Vec2.Negation" end time: Feb 25 08:18 UTC
"Vec2.Negation" time elapsed: 00:00:00
----------------------------------------------------------

11/286 Testing: Vec2.CompoundAssignment
11/286 Test: Vec2.CompoundAssignment
Command: "/home/runner/work/Gector2/Gector2/build_verify/tests/test_vec2" "--gtest_filter=Vec2.CompoundAssignment" "--gtest_also_run_disabled_tests"
Directory: /home/runner/work/Gector2/Gector2/build_verify/tests
"Vec2.CompoundAssignment" start time: Feb 25 08:18 UTC
Output:
----------------------------------------------------------
Running main() from /home/runner/work/Gector2/Gector2/build_verify/_deps/googletest-src/googletest/src/gtest_main.cc
Note: Google Test filter = Vec2.CompoundAssignment
[==========] Running 1 test from 1 test suite.
[----------] Global test environment set-up.
[----------] 1 test from Vec2
[ RUN      ] Vec2.CompoundAssignment
[       OK ] Vec2.CompoundAssignment (0 ms)
[----------] 1 test from Vec2 (0 ms total)

[----------] Global test environment tear-down
[==========] 1 test from 1 test suite ran. (0 ms total)
[  PASSED  ] 1 test.
<end of output>
Test time =   0.00 sec
----------------------------------------------------------
Test Passed.
"Vec2.CompoundAssignment" end time: Feb 25 08:18 UTC
"Vec2.CompoundAssignment" time elapsed: 00:00:00
----------------------------------------------------------

12/286 Testing: Vec2.Dot
12/286 Test: Vec2.Dot
Command: "/home/runner/work/Gector2/Gector2/build_verify/tests/test_vec2" "--gtest_filter=Vec2.Dot" "--gtest_also_run_disabled_tests"
Directory: /home/runner/work/Gector2/Gector2/build_verify/tests
"Vec2.Dot" start time: Feb 25 08:18 UTC
Output:
----------------------------------------------------------
Running main() from /home/runner/work/Gector2/Gector2/build_verify/_deps/googletest-src/googletest/src/gtest_main.cc
Note: Google Test filter = Vec2.Dot
[==========] Running 1 test from 1 test suite.
[----------] Global test environment set-up.
[----------] 1 test from Vec2
[ RUN      ] Vec2.Dot
[       OK ] Vec2.Dot (0 ms)
[----------] 1 test from Vec2 (0 ms total)

[----------] Global test environment tear-down
[==========] 1 test from 1 test suite ran. (0 ms total)
[  PASSED  ] 1 test.
<end of output>
Test time =   0.00 sec
----------------------------------------------------------
Test Passed.
"Vec2.Dot" end time: Feb 25 08:18 UTC
"Vec2.Dot" time elapsed: 00:00:00
----------------------------------------------------------

13/286 Testing: Vec2.Cross
13/286 Test: Vec2.Cross
Command: "/home/runner/work/Gector2/Gector2/build_verify/tests/test_vec2" "--gtest_filter=Vec2.Cross" "--gtest_also_run_disabled_tests"
Directory: /home/runner/work/Gector2/Gector2/build_verify/tests
"Vec2.Cross" start time: Feb 25 08:18 UTC
Output:
----------------------------------------------------------
Running main() from /home/runner/work/Gector2/Gector2/build_verify/_deps/googletest-src/googletest/src/gtest_main.cc
Note: Google Test filter = Vec2.Cross
[==========] Running 1 test from 1 test suite.
[----------] Global test environment set-up.
[----------] 1 test from Vec2
[ RUN      ] Vec2.Cross
[       OK ] Vec2.Cross (0 ms)
[----------] 1 test from Vec2 (0 ms total)

[----------] Global test environment tear-down
[==========] 1 test from 1 test suite ran. (0 ms total)
[  PASSED  ] 1 test.
<end of output>
Test time =   0.00 sec
----------------------------------------------------------
Test Passed.
"Vec2.Cross" end time: Feb 25 08:18 UTC
"Vec2.Cross" time elapsed: 00:00:00
----------------------------------------------------------

14/286 Testing: Vec2.Norm
14/286 Test: Vec2.Norm
Command: "/home/runner/work/Gector2/Gector2/build_verify/tests/test_vec2" "--gtest_filter=Vec2.Norm" "--gtest_also_run_disabled_tests"
Directory: /home/runner/work/Gector2/Gector2/build_verify/tests
"Vec2.Norm" start time: Feb 25 08:18 UTC
Output:
----------------------------------------------------------
Running main() from /home/runner/work/Gector2/Gector2/build_verify/_deps/googletest-src/googletest/src/gtest_main.cc
Note: Google Test filter = Vec2.Norm
[==========] Running 1 test from 1 test suite.
[----------] Global test environment set-up.
[----------] 1 test from Vec2
[ RUN      ] Vec2.Norm
[       OK ] Vec2.Norm (0 ms)
[----------] 1 test from Vec2 (0 ms total)

[----------] Global test environment tear-down
[==========] 1 test from 1 test suite ran. (0 ms total)
[  PASSED  ] 1 test.
<end of output>
Test time =   0.00 sec
----------------------------------------------------------
Test Passed.
"Vec2.Norm" end time: Feb 25 08:18 UTC
"Vec2.Norm" time elapsed: 00:00:00
----------------------------------------------------------

15/286 Testing: Vec2.Normalized
15/286 Test: Vec2.Normalized
Command: "/home/runner/work/Gector2/Gector2/build_verify/tests/test_vec2" "--gtest_filter=Vec2.Normalized" "--gtest_also_run_disabled_tests"
Directory: /home/runner/work/Gector2/Gector2/build_verify/tests
"Vec2.Normalized" start time: Feb 25 08:18 UTC
Output:
----------------------------------------------------------
Running main() from /home/runner/work/Gector2/Gector2/build_verify/_deps/googletest-src/googletest/src/gtest_main.cc
Note: Google Test filter = Vec2.Normalized
[==========] Running 1 test from 1 test suite.
[----------] Global test environment set-up.
[----------] 1 test from Vec2
[ RUN      ] Vec2.Normalized
[       OK ] Vec2.Normalized (0 ms)
[----------] 1 test from Vec2 (0 ms total)

[----------] Global test environment tear-down
[==========] 1 test from 1 test suite ran. (0 ms total)
[  PASSED  ] 1 test.
<end of output>
Test time =   0.00 sec
----------------------------------------------------------
Test Passed.
"Vec2.Normalized" end time: Feb 25 08:18 UTC
"Vec2.Normalized" time elapsed: 00:00:00
----------------------------------------------------------

16/286 Testing: Vec2.NormalizedZeroVector
16/286 Test: Vec2.NormalizedZeroVector
Command: "/home/runner/work/Gector2/Gector2/build_verify/tests/test_vec2" "--gtest_filter=Vec2.NormalizedZeroVector" "--gtest_also_run_disabled_tests"
Directory: /home/runner/work/Gector2/Gector2/build_verify/tests
"Vec2.NormalizedZeroVector" start time: Feb 25 08:18 UTC
Output:
----------------------------------------------------------
Running main() from /home/runner/work/Gector2/Gector2/build_verify/_deps/googletest-src/googletest/src/gtest_main.cc
Note: Google Test filter = Vec2.NormalizedZeroVector
[==========] Running 1 test from 1 test suite.
[----------] Global test environment set-up.
[----------] 1 test from Vec2
[ RUN      ] Vec2.NormalizedZeroVector
[       OK ] Vec2.NormalizedZeroVector (0 ms)
[----------] 1 test from Vec2 (0 ms total)

[----------] Global test environment tear-down
[==========] 1 test from 1 test suite ran. (0 ms total)
[  PASSED  ] 1 test.
<end of output>
Test time =   0.00 sec
----------------------------------------------------------
Test Passed.
"Vec2.NormalizedZeroVector" end time: Feb 25 08:18 UTC
"Vec2.NormalizedZeroVector" time elapsed: 00:00:00
----------------------------------------------------------

17/286 Testing: Vec2.FuzzyEquals
17/286 Test: Vec2.FuzzyEquals
Command: "/home/runner/work/Gector2/Gector2/build_verify/tests/test_vec2" "--gtest_filter=Vec2.FuzzyEquals" "--gtest_also_run_disabled_tests"
Directory: /home/runner/work/Gector2/Gector2/build_verify/tests
"Vec2.FuzzyEquals" start time: Feb 25 08:18 UTC
Output:
----------------------------------------------------------
Running main() from /home/runner/work/Gector2/Gector2/build_verify/_deps/googletest-src/googletest/src/gtest_main.cc
Note: Google Test filter = Vec2.FuzzyEquals
[==========] Running 1 test from 1 test suite.
[----------] Global test environment set-up.
[----------] 1 test from Vec2
[ RUN      ] Vec2.FuzzyEquals
[       OK ] Vec2.FuzzyEquals (0 ms)
[----------] 1 test from Vec2 (0 ms total)

[----------] Global test environment tear-down
[==========] 1 test from 1 test suite ran. (0 ms total)
[  PASSED  ] 1 test.
<end of output>
Test time =   0.00 sec
----------------------------------------------------------
Test Passed.
"Vec2.FuzzyEquals" end time: Feb 25 08:18 UTC
"Vec2.FuzzyEquals" time elapsed: 00:00:00
----------------------------------------------------------

18/286 Testing: Vec2.ExactEquality
18/286 Test: Vec2.ExactEquality
Command: "/home/runner/work/Gector2/Gector2/build_verify/tests/test_vec2" "--gtest_filter=Vec2.ExactEquality" "--gtest_also_run_disabled_tests"
Directory: /home/runner/work/Gector2/Gector2/build_verify/tests
"Vec2.ExactEquality" start time: Feb 25 08:18 UTC
Output:
----------------------------------------------------------
Running main() from /home/runner/work/Gector2/Gector2/build_verify/_deps/googletest-src/googletest/src/gtest_main.cc
Note: Google Test filter = Vec2.ExactEquality
[==========] Running 1 test from 1 test suite.
[----------] Global test environment set-up.
[----------] 1 test from Vec2
[ RUN      ] Vec2.ExactEquality
[       OK ] Vec2.ExactEquality (0 ms)
[----------] 1 test from Vec2 (0 ms total)

[----------] Global test environment tear-down
[==========] 1 test from 1 test suite ran. (0 ms total)
[  PASSED  ] 1 test.
<end of output>
Test time =   0.00 sec
----------------------------------------------------------
Test Passed.
"Vec2.ExactEquality" end time: Feb 25 08:18 UTC
"Vec2.ExactEquality" time elapsed: 00:00:00
----------------------------------------------------------

19/286 Testing: Vec2.ToString
19/286 Test: Vec2.ToString
Command: "/home/runner/work/Gector2/Gector2/build_verify/tests/test_vec2" "--gtest_filter=Vec2.ToString" "--gtest_also_run_disabled_tests"
Directory: /home/runner/work/Gector2/Gector2/build_verify/tests
"Vec2.ToString" start time: Feb 25 08:18 UTC
Output:
----------------------------------------------------------
Running main() from /home/runner/work/Gector2/Gector2/build_verify/_deps/googletest-src/googletest/src/gtest_main.cc
Note: Google Test filter = Vec2.ToString
[==========] Running 1 test from 1 test suite.
[----------] Global test environment set-up.
[----------] 1 test from Vec2
[ RUN      ] Vec2.ToString
[       OK ] Vec2.ToString (0 ms)
[----------] 1 test from Vec2 (0 ms total)

[----------] Global test environment tear-down
[==========] 1 test from 1 test suite ran. (0 ms total)
[  PASSED  ] 1 test.
<end of output>
Test time =   0.00 sec
----------------------------------------------------------
Test Passed.
"Vec2.ToString" end time: Feb 25 08:18 UTC
"Vec2.ToString" time elapsed: 00:00:00
----------------------------------------------------------

20/286 Testing: Vec3.DefaultConstruction
20/286 Test: Vec3.DefaultConstruction
Command: "/home/runner/work/Gector2/Gector2/build_verify/tests/test_vec3" "--gtest_filter=Vec3.DefaultConstruction" "--gtest_also_run_disabled_tests"
Directory: /home/runner/work/Gector2/Gector2/build_verify/tests
"Vec3.DefaultConstruction" start time: Feb 25 08:18 UTC
Output:
----------------------------------------------------------
Running main() from /home/runner/work/Gector2/Gector2/build_verify/_deps/googletest-src/googletest/src/gtest_main.cc
Note: Google Test filter = Vec3.DefaultConstruction
[==========] Running 1 test from 1 test suite.
[----------] Global test environment set-up.
[----------] 1 test from Vec3
[ RUN      ] Vec3.DefaultConstruction
[       OK ] Vec3.DefaultConstruction (0 ms)
[----------] 1 test from Vec3 (0 ms total)

[----------] Global test environment tear-down
[==========] 1 test from 1 test suite ran. (0 ms total)
[  PASSED  ] 1 test.
<end of output>
Test time =   0.00 sec
----------------------------------------------------------
Test Passed.
"Vec3.DefaultConstruction" end time: Feb 25 08:18 UTC
"Vec3.DefaultConstruction" time elapsed: 00:00:00
----------------------------------------------------------

21/286 Testing: Vec3.ValueConstruction
21/286 Test: Vec3.ValueConstruction
Command: "/home/runner/work/Gector2/Gector2/build_verify/tests/test_vec3" "--gtest_filter=Vec3.ValueConstruction" "--gtest_also_run_disabled_tests"
Directory: /home/runner/work/Gector2/Gector2/build_verify/tests
"Vec3.ValueConstruction" start time: Feb 25 08:18 UTC
Output:
----------------------------------------------------------
Running main() from /home/runner/work/Gector2/Gector2/build_verify/_deps/googletest-src/googletest/src/gtest_main.cc
Note: Google Test filter = Vec3.ValueConstruction
[==========] Running 1 test from 1 test suite.
[----------] Global test environment set-up.
[----------] 1 test from Vec3
[ RUN      ] Vec3.ValueConstruction
[       OK ] Vec3.ValueConstruction (0 ms)
[----------] 1 test from Vec3 (0 ms total)

[----------] Global test environment tear-down
[==========] 1 test from 1 test suite ran. (0 ms total)
[  PASSED  ] 1 test.
<end of output>
Test time =   0.00 sec
----------------------------------------------------------
Test Passed.
"Vec3.ValueConstruction" end time: Feb 25 08:18 UTC
"Vec3.ValueConstruction" time elapsed: 00:00:00
----------------------------------------------------------

22/286 Testing: Vec3.StaticFactories
22/286 Test: Vec3.StaticFactories
Command: "/home/runner/work/Gector2/Gector2/build_verify/tests/test_vec3" "--gtest_filter=Vec3.StaticFactories" "--gtest_also_run_disabled_tests"
Directory: /home/runner/work/Gector2/Gector2/build_verify/tests
"Vec3.StaticFactories" start time: Feb 25 08:18 UTC
Output:
----------------------------------------------------------
Running main() from /home/runner/work/Gector2/Gector2/build_verify/_deps/googletest-src/googletest/src/gtest_main.cc
Note: Google Test filter = Vec3.StaticFactories
[==========] Running 1 test from 1 test suite.
[----------] Global test environment set-up.
[----------] 1 test from Vec3
[ RUN      ] Vec3.StaticFactories
[       OK ] Vec3.StaticFactories (0 ms)
[----------] 1 test from Vec3 (0 ms total)

[----------] Global test environment tear-down
[==========] 1 test from 1 test suite ran. (0 ms total)
[  PASSED  ] 1 test.
<end of output>
Test time =   0.00 sec
----------------------------------------------------------
Test Passed.
"Vec3.StaticFactories" end time: Feb 25 08:18 UTC
"Vec3.StaticFactories" time elapsed: 00:00:00
----------------------------------------------------------

23/286 Testing: Vec3.Addition
23/286 Test: Vec3.Addition
Command: "/home/runner/work/Gector2/Gector2/build_verify/tests/test_vec3" "--gtest_filter=Vec3.Addition" "--gtest_also_run_disabled_tests"
Directory: /home/runner/work/Gector2/Gector2/build_verify/tests
"Vec3.Addition" start time: Feb 25 08:18 UTC
Output:
----------------------------------------------------------
Running main() from /home/runner/work/Gector2/Gector2/build_verify/_deps/googletest-src/googletest/src/gtest_main.cc
Note: Google Test filter = Vec3.Addition
[==========] Running 1 test from 1 test suite.
[----------] Global test environment set-up.
[----------] 1 test from Vec3
[ RUN      ] Vec3.Addition
[       OK ] Vec3.Addition (0 ms)
[----------] 1 test from Vec3 (0 ms total)

[----------] Global test environment tear-down
[==========] 1 test from 1 test suite ran. (0 ms total)
[  PASSED  ] 1 test.
<end of output>
Test time =   0.00 sec
----------------------------------------------------------
Test Passed.
"Vec3.Addition" end time: Feb 25 08:18 UTC
"Vec3.Addition" time elapsed: 00:00:00
----------------------------------------------------------

24/286 Testing: Vec3.Subtraction
24/286 Test: Vec3.Subtraction
Command: "/home/runner/work/Gector2/Gector2/build_verify/tests/test_vec3" "--gtest_filter=Vec3.Subtraction" "--gtest_also_run_disabled_tests"
Directory: /home/runner/work/Gector2/Gector2/build_verify/tests
"Vec3.Subtraction" start time: Feb 25 08:18 UTC
Output:
----------------------------------------------------------
Running main() from /home/runner/work/Gector2/Gector2/build_verify/_deps/googletest-src/googletest/src/gtest_main.cc
Note: Google Test filter = Vec3.Subtraction
[==========] Running 1 test from 1 test suite.
[----------] Global test environment set-up.
[----------] 1 test from Vec3
[ RUN      ] Vec3.Subtraction
[       OK ] Vec3.Subtraction (0 ms)
[----------] 1 test from Vec3 (0 ms total)

[----------] Global test environment tear-down
[==========] 1 test from 1 test suite ran. (0 ms total)
[  PASSED  ] 1 test.
<end of output>
Test time =   0.00 sec
----------------------------------------------------------
Test Passed.
"Vec3.Subtraction" end time: Feb 25 08:18 UTC
"Vec3.Subtraction" time elapsed: 00:00:00
----------------------------------------------------------

25/286 Testing: Vec3.ScalarMultiplication
25/286 Test: Vec3.ScalarMultiplication
Command: "/home/runner/work/Gector2/Gector2/build_verify/tests/test_vec3" "--gtest_filter=Vec3.ScalarMultiplication" "--gtest_also_run_disabled_tests"
Directory: /home/runner/work/Gector2/Gector2/build_verify/tests
"Vec3.ScalarMultiplication" start time: Feb 25 08:18 UTC
Output:
----------------------------------------------------------
Running main() from /home/runner/work/Gector2/Gector2/build_verify/_deps/googletest-src/googletest/src/gtest_main.cc
Note: Google Test filter = Vec3.ScalarMultiplication
[==========] Running 1 test from 1 test suite.
[----------] Global test environment set-up.
[----------] 1 test from Vec3
[ RUN      ] Vec3.ScalarMultiplication
[       OK ] Vec3.ScalarMultiplication (0 ms)
[----------] 1 test from Vec3 (0 ms total)

[----------] Global test environment tear-down
[==========] 1 test from 1 test suite ran. (0 ms total)
[  PASSED  ] 1 test.
<end of output>
Test time =   0.00 sec
----------------------------------------------------------
Test Passed.
"Vec3.ScalarMultiplication" end time: Feb 25 08:18 UTC
"Vec3.ScalarMultiplication" time elapsed: 00:00:00
----------------------------------------------------------

26/286 Testing: Vec3.ScalarDivision
26/286 Test: Vec3.ScalarDivision
Command: "/home/runner/work/Gector2/Gector2/build_verify/tests/test_vec3" "--gtest_filter=Vec3.ScalarDivision" "--gtest_also_run_disabled_tests"
Directory: /home/runner/work/Gector2/Gector2/build_verify/tests
"Vec3.ScalarDivision" start time: Feb 25 08:18 UTC
Output:
----------------------------------------------------------
Running main() from /home/runner/work/Gector2/Gector2/build_verify/_deps/googletest-src/googletest/src/gtest_main.cc
Note: Google Test filter = Vec3.ScalarDivision
[==========] Running 1 test from 1 test suite.
[----------] Global test environment set-up.
[----------] 1 test from Vec3
[ RUN      ] Vec3.ScalarDivision
[       OK ] Vec3.ScalarDivision (0 ms)
[----------] 1 test from Vec3 (0 ms total)

[----------] Global test environment tear-down
[==========] 1 test from 1 test suite ran. (0 ms total)
[  PASSED  ] 1 test.
<end of output>
Test time =   0.00 sec
----------------------------------------------------------
Test Passed.
"Vec3.ScalarDivision" end time: Feb 25 08:18 UTC
"Vec3.ScalarDivision" time elapsed: 00:00:00
----------------------------------------------------------

27/286 Testing: Vec3.Negation
27/286 Test: Vec3.Negation
Command: "/home/runner/work/Gector2/Gector2/build_verify/tests/test_vec3" "--gtest_filter=Vec3.Negation" "--gtest_also_run_disabled_tests"
Directory: /home/runner/work/Gector2/Gector2/build_verify/tests
"Vec3.Negation" start time: Feb 25 08:18 UTC
Output:
----------------------------------------------------------
Running main() from /home/runner/work/Gector2/Gector2/build_verify/_deps/googletest-src/googletest/src/gtest_main.cc
Note: Google Test filter = Vec3.Negation
[==========] Running 1 test from 1 test suite.
[----------] Global test environment set-up.
[----------] 1 test from Vec3
[ RUN      ] Vec3.Negation
[       OK ] Vec3.Negation (0 ms)
[----------] 1 test from Vec3 (0 ms total)

[----------] Global test environment tear-down
[==========] 1 test from 1 test suite ran. (0 ms total)
[  PASSED  ] 1 test.
<end of output>
Test time =   0.00 sec
----------------------------------------------------------
Test Passed.
"Vec3.Negation" end time: Feb 25 08:18 UTC
"Vec3.Negation" time elapsed: 00:00:00
----------------------------------------------------------

28/286 Testing: Vec3.CompoundAssignment
28/286 Test: Vec3.CompoundAssignment
Command: "/home/runner/work/Gector2/Gector2/build_verify/tests/test_vec3" "--gtest_filter=Vec3.CompoundAssignment" "--gtest_also_run_disabled_tests"
Directory: /home/runner/work/Gector2/Gector2/build_verify/tests
"Vec3.CompoundAssignment" start time: Feb 25 08:18 UTC
Output:
----------------------------------------------------------
Running main() from /home/runner/work/Gector2/Gector2/build_verify/_deps/googletest-src/googletest/src/gtest_main.cc
Note: Google Test filter = Vec3.CompoundAssignment
[==========] Running 1 test from 1 test suite.
[----------] Global test environment set-up.
[----------] 1 test from Vec3
[ RUN      ] Vec3.CompoundAssignment
[       OK ] Vec3.CompoundAssignment (0 ms)
[----------] 1 test from Vec3 (0 ms total)

[----------] Global test environment tear-down
[==========] 1 test from 1 test suite ran. (0 ms total)
[  PASSED  ] 1 test.
<end of output>
Test time =   0.00 sec
----------------------------------------------------------
Test Passed.
"Vec3.CompoundAssignment" end time: Feb 25 08:18 UTC
"Vec3.CompoundAssignment" time elapsed: 00:00:00
----------------------------------------------------------

29/286 Testing: Vec3.Dot
29/286 Test: Vec3.Dot
Command: "/home/runner/work/Gector2/Gector2/build_verify/tests/test_vec3" "--gtest_filter=Vec3.Dot" "--gtest_also_run_disabled_tests"
Directory: /home/runner/work/Gector2/Gector2/build_verify/tests
"Vec3.Dot" start time: Feb 25 08:18 UTC
Output:
----------------------------------------------------------
Running main() from /home/runner/work/Gector2/Gector2/build_verify/_deps/googletest-src/googletest/src/gtest_main.cc
Note: Google Test filter = Vec3.Dot
[==========] Running 1 test from 1 test suite.
[----------] Global test environment set-up.
[----------] 1 test from Vec3
[ RUN      ] Vec3.Dot
[       OK ] Vec3.Dot (0 ms)
[----------] 1 test from Vec3 (0 ms total)

[----------] Global test environment tear-down
[==========] 1 test from 1 test suite ran. (0 ms total)
[  PASSED  ] 1 test.
<end of output>
Test time =   0.00 sec
----------------------------------------------------------
Test Passed.
"Vec3.Dot" end time: Feb 25 08:18 UTC
"Vec3.Dot" time elapsed: 00:00:00
----------------------------------------------------------

30/286 Testing: Vec3.Cross
30/286 Test: Vec3.Cross
Command: "/home/runner/work/Gector2/Gector2/build_verify/tests/test_vec3" "--gtest_filter=Vec3.Cross" "--gtest_also_run_disabled_tests"
Directory: /home/runner/work/Gector2/Gector2/build_verify/tests
"Vec3.Cross" start time: Feb 25 08:18 UTC
Output:
----------------------------------------------------------
Running main() from /home/runner/work/Gector2/Gector2/build_verify/_deps/googletest-src/googletest/src/gtest_main.cc
Note: Google Test filter = Vec3.Cross
[==========] Running 1 test from 1 test suite.
[----------] Global test environment set-up.
[----------] 1 test from Vec3
[ RUN      ] Vec3.Cross
[       OK ] Vec3.Cross (0 ms)
[----------] 1 test from Vec3 (0 ms total)

[----------] Global test environment tear-down
[==========] 1 test from 1 test suite ran. (0 ms total)
[  PASSED  ] 1 test.
<end of output>
Test time =   0.00 sec
----------------------------------------------------------
Test Passed.
"Vec3.Cross" end time: Feb 25 08:18 UTC
"Vec3.Cross" time elapsed: 00:00:00
----------------------------------------------------------

31/286 Testing: Vec3.CrossAnticommutative
31/286 Test: Vec3.CrossAnticommutative
Command: "/home/runner/work/Gector2/Gector2/build_verify/tests/test_vec3" "--gtest_filter=Vec3.CrossAnticommutative" "--gtest_also_run_disabled_tests"
Directory: /home/runner/work/Gector2/Gector2/build_verify/tests
"Vec3.CrossAnticommutative" start time: Feb 25 08:18 UTC
Output:
----------------------------------------------------------
Running main() from /home/runner/work/Gector2/Gector2/build_verify/_deps/googletest-src/googletest/src/gtest_main.cc
Note: Google Test filter = Vec3.CrossAnticommutative
[==========] Running 1 test from 1 test suite.
[----------] Global test environment set-up.
[----------] 1 test from Vec3
[ RUN      ] Vec3.CrossAnticommutative
[       OK ] Vec3.CrossAnticommutative (0 ms)
[----------] 1 test from Vec3 (0 ms total)

[----------] Global test environment tear-down
[==========] 1 test from 1 test suite ran. (0 ms total)
[  PASSED  ] 1 test.
<end of output>
Test time =   0.00 sec
----------------------------------------------------------
Test Passed.
"Vec3.CrossAnticommutative" end time: Feb 25 08:18 UTC
"Vec3.CrossAnticommutative" time elapsed: 00:00:00
----------------------------------------------------------

32/286 Testing: Vec3.Norm
32/286 Test: Vec3.Norm
Command: "/home/runner/work/Gector2/Gector2/build_verify/tests/test_vec3" "--gtest_filter=Vec3.Norm" "--gtest_also_run_disabled_tests"
Directory: /home/runner/work/Gector2/Gector2/build_verify/tests
"Vec3.Norm" start time: Feb 25 08:18 UTC
Output:
----------------------------------------------------------
Running main() from /home/runner/work/Gector2/Gector2/build_verify/_deps/googletest-src/googletest/src/gtest_main.cc
Note: Google Test filter = Vec3.Norm
[==========] Running 1 test from 1 test suite.
[----------] Global test environment set-up.
[----------] 1 test from Vec3
[ RUN      ] Vec3.Norm
[       OK ] Vec3.Norm (0 ms)
[----------] 1 test from Vec3 (0 ms total)

[----------] Global test environment tear-down
[==========] 1 test from 1 test suite ran. (0 ms total)
[  PASSED  ] 1 test.
<end of output>
Test time =   0.00 sec
----------------------------------------------------------
Test Passed.
"Vec3.Norm" end time: Feb 25 08:18 UTC
"Vec3.Norm" time elapsed: 00:00:00
----------------------------------------------------------

33/286 Testing: Vec3.Normalized
33/286 Test: Vec3.Normalized
Command: "/home/runner/work/Gector2/Gector2/build_verify/tests/test_vec3" "--gtest_filter=Vec3.Normalized" "--gtest_also_run_disabled_tests"
Directory: /home/runner/work/Gector2/Gector2/build_verify/tests
"Vec3.Normalized" start time: Feb 25 08:18 UTC
Output:
----------------------------------------------------------
Running main() from /home/runner/work/Gector2/Gector2/build_verify/_deps/googletest-src/googletest/src/gtest_main.cc
Note: Google Test filter = Vec3.Normalized
[==========] Running 1 test from 1 test suite.
[----------] Global test environment set-up.
[----------] 1 test from Vec3
[ RUN      ] Vec3.Normalized
[       OK ] Vec3.Normalized (0 ms)
[----------] 1 test from Vec3 (0 ms total)

[----------] Global test environment tear-down
[==========] 1 test from 1 test suite ran. (0 ms total)
[  PASSED  ] 1 test.
<end of output>
Test time =   0.00 sec
----------------------------------------------------------
Test Passed.
"Vec3.Normalized" end time: Feb 25 08:18 UTC
"Vec3.Normalized" time elapsed: 00:00:00
----------------------------------------------------------

34/286 Testing: Vec3.NormalizedZero
34/286 Test: Vec3.NormalizedZero
Command: "/home/runner/work/Gector2/Gector2/build_verify/tests/test_vec3" "--gtest_filter=Vec3.NormalizedZero" "--gtest_also_run_disabled_tests"
Directory: /home/runner/work/Gector2/Gector2/build_verify/tests
"Vec3.NormalizedZero" start time: Feb 25 08:18 UTC
Output:
----------------------------------------------------------
Running main() from /home/runner/work/Gector2/Gector2/build_verify/_deps/googletest-src/googletest/src/gtest_main.cc
Note: Google Test filter = Vec3.NormalizedZero
[==========] Running 1 test from 1 test suite.
[----------] Global test environment set-up.
[----------] 1 test from Vec3
[ RUN      ] Vec3.NormalizedZero
[       OK ] Vec3.NormalizedZero (0 ms)
[----------] 1 test from Vec3 (0 ms total)

[----------] Global test environment tear-down
[==========] 1 test from 1 test suite ran. (0 ms total)
[  PASSED  ] 1 test.
<end of output>
Test time =   0.00 sec
----------------------------------------------------------
Test Passed.
"Vec3.NormalizedZero" end time: Feb 25 08:18 UTC
"Vec3.NormalizedZero" time elapsed: 00:00:00
----------------------------------------------------------

35/286 Testing: Vec3.FuzzyEquals
35/286 Test: Vec3.FuzzyEquals
Command: "/home/runner/work/Gector2/Gector2/build_verify/tests/test_vec3" "--gtest_filter=Vec3.FuzzyEquals" "--gtest_also_run_disabled_tests"
Directory: /home/runner/work/Gector2/Gector2/build_verify/tests
"Vec3.FuzzyEquals" start time: Feb 25 08:18 UTC
Output:
----------------------------------------------------------
Running main() from /home/runner/work/Gector2/Gector2/build_verify/_deps/googletest-src/googletest/src/gtest_main.cc
Note: Google Test filter = Vec3.FuzzyEquals
[==========] Running 1 test from 1 test suite.
[----------] Global test environment set-up.
[----------] 1 test from Vec3
[ RUN      ] Vec3.FuzzyEquals
[       OK ] Vec3.FuzzyEquals (0 ms)
[----------] 1 test from Vec3 (0 ms total)

[----------] Global test environment tear-down
[==========] 1 test from 1 test suite ran. (0 ms total)
[  PASSED  ] 1 test.
<end of output>
Test time =   0.00 sec
----------------------------------------------------------
Test Passed.
"Vec3.FuzzyEquals" end time: Feb 25 08:18 UTC
"Vec3.FuzzyEquals" time elapsed: 00:00:00
----------------------------------------------------------

36/286 Testing: Vec3.ToString
36/286 Test: Vec3.ToString
Command: "/home/runner/work/Gector2/Gector2/build_verify/tests/test_vec3" "--gtest_filter=Vec3.ToString" "--gtest_also_run_disabled_tests"
Directory: /home/runner/work/Gector2/Gector2/build_verify/tests
"Vec3.ToString" start time: Feb 25 08:18 UTC
Output:
----------------------------------------------------------
Running main() from /home/runner/work/Gector2/Gector2/build_verify/_deps/googletest-src/googletest/src/gtest_main.cc
Note: Google Test filter = Vec3.ToString
[==========] Running 1 test from 1 test suite.
[----------] Global test environment set-up.
[----------] 1 test from Vec3
[ RUN      ] Vec3.ToString
[       OK ] Vec3.ToString (0 ms)
[----------] 1 test from Vec3 (0 ms total)

[----------] Global test environment tear-down
[==========] 1 test from 1 test suite ran. (0 ms total)
[  PASSED  ] 1 test.
<end of output>
Test time =   0.00 sec
----------------------------------------------------------
Test Passed.
"Vec3.ToString" end time: Feb 25 08:18 UTC
"Vec3.ToString" time elapsed: 00:00:00
----------------------------------------------------------

37/286 Testing: Vec4.DefaultConstruction
37/286 Test: Vec4.DefaultConstruction
Command: "/home/runner/work/Gector2/Gector2/build_verify/tests/test_vec4" "--gtest_filter=Vec4.DefaultConstruction" "--gtest_also_run_disabled_tests"
Directory: /home/runner/work/Gector2/Gector2/build_verify/tests
"Vec4.DefaultConstruction" start time: Feb 25 08:18 UTC
Output:
----------------------------------------------------------
Running main() from /home/runner/work/Gector2/Gector2/build_verify/_deps/googletest-src/googletest/src/gtest_main.cc
Note: Google Test filter = Vec4.DefaultConstruction
[==========] Running 1 test from 1 test suite.
[----------] Global test environment set-up.
[----------] 1 test from Vec4
[ RUN      ] Vec4.DefaultConstruction
[       OK ] Vec4.DefaultConstruction (0 ms)
[----------] 1 test from Vec4 (0 ms total)

[----------] Global test environment tear-down
[==========] 1 test from 1 test suite ran. (0 ms total)
[  PASSED  ] 1 test.
<end of output>
Test time =   0.00 sec
----------------------------------------------------------
Test Passed.
"Vec4.DefaultConstruction" end time: Feb 25 08:18 UTC
"Vec4.DefaultConstruction" time elapsed: 00:00:00
----------------------------------------------------------

38/286 Testing: Vec4.ValueConstruction
38/286 Test: Vec4.ValueConstruction
Command: "/home/runner/work/Gector2/Gector2/build_verify/tests/test_vec4" "--gtest_filter=Vec4.ValueConstruction" "--gtest_also_run_disabled_tests"
Directory: /home/runner/work/Gector2/Gector2/build_verify/tests
"Vec4.ValueConstruction" start time: Feb 25 08:18 UTC
Output:
----------------------------------------------------------
Running main() from /home/runner/work/Gector2/Gector2/build_verify/_deps/googletest-src/googletest/src/gtest_main.cc
Note: Google Test filter = Vec4.ValueConstruction
[==========] Running 1 test from 1 test suite.
[----------] Global test environment set-up.
[----------] 1 test from Vec4
[ RUN      ] Vec4.ValueConstruction
[       OK ] Vec4.ValueConstruction (0 ms)
[----------] 1 test from Vec4 (0 ms total)

[----------] Global test environment tear-down
[==========] 1 test from 1 test suite ran. (0 ms total)
[  PASSED  ] 1 test.
<end of output>
Test time =   0.00 sec
----------------------------------------------------------
Test Passed.
"Vec4.ValueConstruction" end time: Feb 25 08:18 UTC
"Vec4.ValueConstruction" time elapsed: 00:00:00
----------------------------------------------------------

39/286 Testing: Vec4.StaticFactories
39/286 Test: Vec4.StaticFactories
Command: "/home/runner/work/Gector2/Gector2/build_verify/tests/test_vec4" "--gtest_filter=Vec4.StaticFactories" "--gtest_also_run_disabled_tests"
Directory: /home/runner/work/Gector2/Gector2/build_verify/tests
"Vec4.StaticFactories" start time: Feb 25 08:18 UTC
Output:
----------------------------------------------------------
Running main() from /home/runner/work/Gector2/Gector2/build_verify/_deps/googletest-src/googletest/src/gtest_main.cc
Note: Google Test filter = Vec4.StaticFactories
[==========] Running 1 test from 1 test suite.
[----------] Global test environment set-up.
[----------] 1 test from Vec4
[ RUN      ] Vec4.StaticFactories
[       OK ] Vec4.StaticFactories (0 ms)
[----------] 1 test from Vec4 (0 ms total)

[----------] Global test environment tear-down
[==========] 1 test from 1 test suite ran. (0 ms total)
[  PASSED  ] 1 test.
<end of output>
Test time =   0.00 sec
----------------------------------------------------------
Test Passed.
"Vec4.StaticFactories" end time: Feb 25 08:18 UTC
"Vec4.StaticFactories" time elapsed: 00:00:00
----------------------------------------------------------

40/286 Testing: Vec4.Arithmetic
40/286 Test: Vec4.Arithmetic
Command: "/home/runner/work/Gector2/Gector2/build_verify/tests/test_vec4" "--gtest_filter=Vec4.Arithmetic" "--gtest_also_run_disabled_tests"
Directory: /home/runner/work/Gector2/Gector2/build_verify/tests
"Vec4.Arithmetic" start time: Feb 25 08:18 UTC
Output:
----------------------------------------------------------
Running main() from /home/runner/work/Gector2/Gector2/build_verify/_deps/googletest-src/googletest/src/gtest_main.cc
Note: Google Test filter = Vec4.Arithmetic
[==========] Running 1 test from 1 test suite.
[----------] Global test environment set-up.
[----------] 1 test from Vec4
[ RUN      ] Vec4.Arithmetic
[       OK ] Vec4.Arithmetic (0 ms)
[----------] 1 test from Vec4 (0 ms total)

[----------] Global test environment tear-down
[==========] 1 test from 1 test suite ran. (0 ms total)
[  PASSED  ] 1 test.
<end of output>
Test time =   0.00 sec
----------------------------------------------------------
Test Passed.
"Vec4.Arithmetic" end time: Feb 25 08:18 UTC
"Vec4.Arithmetic" time elapsed: 00:00:00
----------------------------------------------------------

41/286 Testing: Vec4.Dot
41/286 Test: Vec4.Dot
Command: "/home/runner/work/Gector2/Gector2/build_verify/tests/test_vec4" "--gtest_filter=Vec4.Dot" "--gtest_also_run_disabled_tests"
Directory: /home/runner/work/Gector2/Gector2/build_verify/tests
"Vec4.Dot" start time: Feb 25 08:18 UTC
Output:
----------------------------------------------------------
Running main() from /home/runner/work/Gector2/Gector2/build_verify/_deps/googletest-src/googletest/src/gtest_main.cc
Note: Google Test filter = Vec4.Dot
[==========] Running 1 test from 1 test suite.
[----------] Global test environment set-up.
[----------] 1 test from Vec4
[ RUN      ] Vec4.Dot
[       OK ] Vec4.Dot (0 ms)
[----------] 1 test from Vec4 (0 ms total)

[----------] Global test environment tear-down
[==========] 1 test from 1 test suite ran. (0 ms total)
[  PASSED  ] 1 test.
<end of output>
Test time =   0.00 sec
----------------------------------------------------------
Test Passed.
"Vec4.Dot" end time: Feb 25 08:18 UTC
"Vec4.Dot" time elapsed: 00:00:00
----------------------------------------------------------

42/286 Testing: Vec4.Norm
42/286 Test: Vec4.Norm
Command: "/home/runner/work/Gector2/Gector2/build_verify/tests/test_vec4" "--gtest_filter=Vec4.Norm" "--gtest_also_run_disabled_tests"
Directory: /home/runner/work/Gector2/Gector2/build_verify/tests
"Vec4.Norm" start time: Feb 25 08:18 UTC
Output:
----------------------------------------------------------
Running main() from /home/runner/work/Gector2/Gector2/build_verify/_deps/googletest-src/googletest/src/gtest_main.cc
Note: Google Test filter = Vec4.Norm
[==========] Running 1 test from 1 test suite.
[----------] Global test environment set-up.
[----------] 1 test from Vec4
[ RUN      ] Vec4.Norm
[       OK ] Vec4.Norm (0 ms)
[----------] 1 test from Vec4 (0 ms total)

[----------] Global test environment tear-down
[==========] 1 test from 1 test suite ran. (0 ms total)
[  PASSED  ] 1 test.
<end of output>
Test time =   0.00 sec
----------------------------------------------------------
Test Passed.
"Vec4.Norm" end time: Feb 25 08:18 UTC
"Vec4.Norm" time elapsed: 00:00:00
----------------------------------------------------------

43/286 Testing: Vec4.Normalized
43/286 Test: Vec4.Normalized
Command: "/home/runner/work/Gector2/Gector2/build_verify/tests/test_vec4" "--gtest_filter=Vec4.Normalized" "--gtest_also_run_disabled_tests"
Directory: /home/runner/work/Gector2/Gector2/build_verify/tests
"Vec4.Normalized" start time: Feb 25 08:18 UTC
Output:
----------------------------------------------------------
Running main() from /home/runner/work/Gector2/Gector2/build_verify/_deps/googletest-src/googletest/src/gtest_main.cc
Note: Google Test filter = Vec4.Normalized
[==========] Running 1 test from 1 test suite.
[----------] Global test environment set-up.
[----------] 1 test from Vec4
[ RUN      ] Vec4.Normalized
[       OK ] Vec4.Normalized (0 ms)
[----------] 1 test from Vec4 (0 ms total)

[----------] Global test environment tear-down
[==========] 1 test from 1 test suite ran. (0 ms total)
[  PASSED  ] 1 test.
<end of output>
Test time =   0.00 sec
----------------------------------------------------------
Test Passed.
"Vec4.Normalized" end time: Feb 25 08:18 UTC
"Vec4.Normalized" time elapsed: 00:00:00
----------------------------------------------------------

44/286 Testing: Vec4.FuzzyEquals
44/286 Test: Vec4.FuzzyEquals
Command: "/home/runner/work/Gector2/Gector2/build_verify/tests/test_vec4" "--gtest_filter=Vec4.FuzzyEquals" "--gtest_also_run_disabled_tests"
Directory: /home/runner/work/Gector2/Gector2/build_verify/tests
"Vec4.FuzzyEquals" start time: Feb 25 08:18 UTC
Output:
----------------------------------------------------------
Running main() from /home/runner/work/Gector2/Gector2/build_verify/_deps/googletest-src/googletest/src/gtest_main.cc
Note: Google Test filter = Vec4.FuzzyEquals
[==========] Running 1 test from 1 test suite.
[----------] Global test environment set-up.
[----------] 1 test from Vec4
[ RUN      ] Vec4.FuzzyEquals
[       OK ] Vec4.FuzzyEquals (0 ms)
[----------] 1 test from Vec4 (0 ms total)

[----------] Global test environment tear-down
[==========] 1 test from 1 test suite ran. (0 ms total)
[  PASSED  ] 1 test.
<end of output>
Test time =   0.00 sec
----------------------------------------------------------
Test Passed.
"Vec4.FuzzyEquals" end time: Feb 25 08:18 UTC
"Vec4.FuzzyEquals" time elapsed: 00:00:00
----------------------------------------------------------

45/286 Testing: Vec4.ToString
45/286 Test: Vec4.ToString
Command: "/home/runner/work/Gector2/Gector2/build_verify/tests/test_vec4" "--gtest_filter=Vec4.ToString" "--gtest_also_run_disabled_tests"
Directory: /home/runner/work/Gector2/Gector2/build_verify/tests
"Vec4.ToString" start time: Feb 25 08:18 UTC
Output:
----------------------------------------------------------
Running main() from /home/runner/work/Gector2/Gector2/build_verify/_deps/googletest-src/googletest/src/gtest_main.cc
Note: Google Test filter = Vec4.ToString
[==========] Running 1 test from 1 test suite.
[----------] Global test environment set-up.
[----------] 1 test from Vec4
[ RUN      ] Vec4.ToString
[       OK ] Vec4.ToString (0 ms)
[----------] 1 test from Vec4 (0 ms total)

[----------] Global test environment tear-down
[==========] 1 test from 1 test suite ran. (0 ms total)
[  PASSED  ] 1 test.
<end of output>
Test time =   0.00 sec
----------------------------------------------------------
Test Passed.
"Vec4.ToString" end time: Feb 25 08:18 UTC
"Vec4.ToString" time elapsed: 00:00:00
----------------------------------------------------------

46/286 Testing: Mat2x2.DefaultIsZero
46/286 Test: Mat2x2.DefaultIsZero
Command: "/home/runner/work/Gector2/Gector2/build_verify/tests/test_mat2x2" "--gtest_filter=Mat2x2.DefaultIsZero" "--gtest_also_run_disabled_tests"
Directory: /home/runner/work/Gector2/Gector2/build_verify/tests
"Mat2x2.DefaultIsZero" start time: Feb 25 08:18 UTC
Output:
----------------------------------------------------------
Running main() from /home/runner/work/Gector2/Gector2/build_verify/_deps/googletest-src/googletest/src/gtest_main.cc
Note: Google Test filter = Mat2x2.DefaultIsZero
[==========] Running 1 test from 1 test suite.
[----------] Global test environment set-up.
[----------] 1 test from Mat2x2
[ RUN      ] Mat2x2.DefaultIsZero
[       OK ] Mat2x2.DefaultIsZero (0 ms)
[----------] 1 test from Mat2x2 (0 ms total)

[----------] Global test environment tear-down
[==========] 1 test from 1 test suite ran. (0 ms total)
[  PASSED  ] 1 test.
<end of output>
Test time =   0.00 sec
----------------------------------------------------------
Test Passed.
"Mat2x2.DefaultIsZero" end time: Feb 25 08:18 UTC
"Mat2x2.DefaultIsZero" time elapsed: 00:00:00
----------------------------------------------------------

47/286 Testing: Mat2x2.Identity
47/286 Test: Mat2x2.Identity
Command: "/home/runner/work/Gector2/Gector2/build_verify/tests/test_mat2x2" "--gtest_filter=Mat2x2.Identity" "--gtest_also_run_disabled_tests"
Directory: /home/runner/work/Gector2/Gector2/build_verify/tests
"Mat2x2.Identity" start time: Feb 25 08:18 UTC
Output:
----------------------------------------------------------
Running main() from /home/runner/work/Gector2/Gector2/build_verify/_deps/googletest-src/googletest/src/gtest_main.cc
Note: Google Test filter = Mat2x2.Identity
[==========] Running 1 test from 1 test suite.
[----------] Global test environment set-up.
[----------] 1 test from Mat2x2
[ RUN      ] Mat2x2.Identity
[       OK ] Mat2x2.Identity (0 ms)
[----------] 1 test from Mat2x2 (0 ms total)

[----------] Global test environment tear-down
[==========] 1 test from 1 test suite ran. (0 ms total)
[  PASSED  ] 1 test.
<end of output>
Test time =   0.00 sec
----------------------------------------------------------
Test Passed.
"Mat2x2.Identity" end time: Feb 25 08:18 UTC
"Mat2x2.Identity" time elapsed: 00:00:00
----------------------------------------------------------

48/286 Testing: Mat2x2.Addition
48/286 Test: Mat2x2.Addition
Command: "/home/runner/work/Gector2/Gector2/build_verify/tests/test_mat2x2" "--gtest_filter=Mat2x2.Addition" "--gtest_also_run_disabled_tests"
Directory: /home/runner/work/Gector2/Gector2/build_verify/tests
"Mat2x2.Addition" start time: Feb 25 08:18 UTC
Output:
----------------------------------------------------------
Running main() from /home/runner/work/Gector2/Gector2/build_verify/_deps/googletest-src/googletest/src/gtest_main.cc
Note: Google Test filter = Mat2x2.Addition
[==========] Running 1 test from 1 test suite.
[----------] Global test environment set-up.
[----------] 1 test from Mat2x2
[ RUN      ] Mat2x2.Addition
[       OK ] Mat2x2.Addition (0 ms)
[----------] 1 test from Mat2x2 (0 ms total)

[----------] Global test environment tear-down
[==========] 1 test from 1 test suite ran. (0 ms total)
[  PASSED  ] 1 test.
<end of output>
Test time =   0.00 sec
----------------------------------------------------------
Test Passed.
"Mat2x2.Addition" end time: Feb 25 08:18 UTC
"Mat2x2.Addition" time elapsed: 00:00:00
----------------------------------------------------------

49/286 Testing: Mat2x2.Subtraction
49/286 Test: Mat2x2.Subtraction
Command: "/home/runner/work/Gector2/Gector2/build_verify/tests/test_mat2x2" "--gtest_filter=Mat2x2.Subtraction" "--gtest_also_run_disabled_tests"
Directory: /home/runner/work/Gector2/Gector2/build_verify/tests
"Mat2x2.Subtraction" start time: Feb 25 08:18 UTC
Output:
----------------------------------------------------------
Running main() from /home/runner/work/Gector2/Gector2/build_verify/_deps/googletest-src/googletest/src/gtest_main.cc
Note: Google Test filter = Mat2x2.Subtraction
[==========] Running 1 test from 1 test suite.
[----------] Global test environment set-up.
[----------] 1 test from Mat2x2
[ RUN      ] Mat2x2.Subtraction
[       OK ] Mat2x2.Subtraction (0 ms)
[----------] 1 test from Mat2x2 (0 ms total)

[----------] Global test environment tear-down
[==========] 1 test from 1 test suite ran. (0 ms total)
[  PASSED  ] 1 test.
<end of output>
Test time =   0.00 sec
----------------------------------------------------------
Test Passed.
"Mat2x2.Subtraction" end time: Feb 25 08:18 UTC
"Mat2x2.Subtraction" time elapsed: 00:00:00
----------------------------------------------------------

50/286 Testing: Mat2x2.ScalarMultiplication
50/286 Test: Mat2x2.ScalarMultiplication
Command: "/home/runner/work/Gector2/Gector2/build_verify/tests/test_mat2x2" "--gtest_filter=Mat2x2.ScalarMultiplication" "--gtest_also_run_disabled_tests"
Directory: /home/runner/work/Gector2/Gector2/build_verify/tests
"Mat2x2.ScalarMultiplication" start time: Feb 25 08:18 UTC
Output:
----------------------------------------------------------
Running main() from /home/runner/work/Gector2/Gector2/build_verify/_deps/googletest-src/googletest/src/gtest_main.cc
Note: Google Test filter = Mat2x2.ScalarMultiplication
[==========] Running 1 test from 1 test suite.
[----------] Global test environment set-up.
[----------] 1 test from Mat2x2
[ RUN      ] Mat2x2.ScalarMultiplication
[       OK ] Mat2x2.ScalarMultiplication (0 ms)
[----------] 1 test from Mat2x2 (0 ms total)

[----------] Global test environment tear-down
[==========] 1 test from 1 test suite ran. (0 ms total)
[  PASSED  ] 1 test.
<end of output>
Test time =   0.00 sec
----------------------------------------------------------
Test Passed.
"Mat2x2.ScalarMultiplication" end time: Feb 25 08:18 UTC
"Mat2x2.ScalarMultiplication" time elapsed: 00:00:00
----------------------------------------------------------

51/286 Testing: Mat2x2.MatrixMultiplication
51/286 Test: Mat2x2.MatrixMultiplication
Command: "/home/runner/work/Gector2/Gector2/build_verify/tests/test_mat2x2" "--gtest_filter=Mat2x2.MatrixMultiplication" "--gtest_also_run_disabled_tests"
Directory: /home/runner/work/Gector2/Gector2/build_verify/tests
"Mat2x2.MatrixMultiplication" start time: Feb 25 08:18 UTC
Output:
----------------------------------------------------------
Running main() from /home/runner/work/Gector2/Gector2/build_verify/_deps/googletest-src/googletest/src/gtest_main.cc
Note: Google Test filter = Mat2x2.MatrixMultiplication
[==========] Running 1 test from 1 test suite.
[----------] Global test environment set-up.
[----------] 1 test from Mat2x2
[ RUN      ] Mat2x2.MatrixMultiplication
[       OK ] Mat2x2.MatrixMultiplication (0 ms)
[----------] 1 test from Mat2x2 (0 ms total)

[----------] Global test environment tear-down
[==========] 1 test from 1 test suite ran. (0 ms total)
[  PASSED  ] 1 test.
<end of output>
Test time =   0.00 sec
----------------------------------------------------------
Test Passed.
"Mat2x2.MatrixMultiplication" end time: Feb 25 08:18 UTC
"Mat2x2.MatrixMultiplication" time elapsed: 00:00:00
----------------------------------------------------------

52/286 Testing: Mat2x2.MatVecMultiplication
52/286 Test: Mat2x2.MatVecMultiplication
Command: "/home/runner/work/Gector2/Gector2/build_verify/tests/test_mat2x2" "--gtest_filter=Mat2x2.MatVecMultiplication" "--gtest_also_run_disabled_tests"
Directory: /home/runner/work/Gector2/Gector2/build_verify/tests
"Mat2x2.MatVecMultiplication" start time: Feb 25 08:18 UTC
Output:
----------------------------------------------------------
Running main() from /home/runner/work/Gector2/Gector2/build_verify/_deps/googletest-src/googletest/src/gtest_main.cc
Note: Google Test filter = Mat2x2.MatVecMultiplication
[==========] Running 1 test from 1 test suite.
[----------] Global test environment set-up.
[----------] 1 test from Mat2x2
[ RUN      ] Mat2x2.MatVecMultiplication
[       OK ] Mat2x2.MatVecMultiplication (0 ms)
[----------] 1 test from Mat2x2 (0 ms total)

[----------] Global test environment tear-down
[==========] 1 test from 1 test suite ran. (0 ms total)
[  PASSED  ] 1 test.
<end of output>
Test time =   0.00 sec
----------------------------------------------------------
Test Passed.
"Mat2x2.MatVecMultiplication" end time: Feb 25 08:18 UTC
"Mat2x2.MatVecMultiplication" time elapsed: 00:00:00
----------------------------------------------------------

53/286 Testing: Mat2x2.Transpose
53/286 Test: Mat2x2.Transpose
Command: "/home/runner/work/Gector2/Gector2/build_verify/tests/test_mat2x2" "--gtest_filter=Mat2x2.Transpose" "--gtest_also_run_disabled_tests"
Directory: /home/runner/work/Gector2/Gector2/build_verify/tests
"Mat2x2.Transpose" start time: Feb 25 08:18 UTC
Output:
----------------------------------------------------------
Running main() from /home/runner/work/Gector2/Gector2/build_verify/_deps/googletest-src/googletest/src/gtest_main.cc
Note: Google Test filter = Mat2x2.Transpose
[==========] Running 1 test from 1 test suite.
[----------] Global test environment set-up.
[----------] 1 test from Mat2x2
[ RUN      ] Mat2x2.Transpose
[       OK ] Mat2x2.Transpose (0 ms)
[----------] 1 test from Mat2x2 (0 ms total)

[----------] Global test environment tear-down
[==========] 1 test from 1 test suite ran. (0 ms total)
[  PASSED  ] 1 test.
<end of output>
Test time =   0.00 sec
----------------------------------------------------------
Test Passed.
"Mat2x2.Transpose" end time: Feb 25 08:18 UTC
"Mat2x2.Transpose" time elapsed: 00:00:00
----------------------------------------------------------

54/286 Testing: Mat2x2.Determinant
54/286 Test: Mat2x2.Determinant
Command: "/home/runner/work/Gector2/Gector2/build_verify/tests/test_mat2x2" "--gtest_filter=Mat2x2.Determinant" "--gtest_also_run_disabled_tests"
Directory: /home/runner/work/Gector2/Gector2/build_verify/tests
"Mat2x2.Determinant" start time: Feb 25 08:18 UTC
Output:
----------------------------------------------------------
Running main() from /home/runner/work/Gector2/Gector2/build_verify/_deps/googletest-src/googletest/src/gtest_main.cc
Note: Google Test filter = Mat2x2.Determinant
[==========] Running 1 test from 1 test suite.
[----------] Global test environment set-up.
[----------] 1 test from Mat2x2
[ RUN      ] Mat2x2.Determinant
[       OK ] Mat2x2.Determinant (0 ms)
[----------] 1 test from Mat2x2 (0 ms total)

[----------] Global test environment tear-down
[==========] 1 test from 1 test suite ran. (0 ms total)
[  PASSED  ] 1 test.
<end of output>
Test time =   0.00 sec
----------------------------------------------------------
Test Passed.
"Mat2x2.Determinant" end time: Feb 25 08:18 UTC
"Mat2x2.Determinant" time elapsed: 00:00:00
----------------------------------------------------------

55/286 Testing: Mat2x2.Inverse
55/286 Test: Mat2x2.Inverse
Command: "/home/runner/work/Gector2/Gector2/build_verify/tests/test_mat2x2" "--gtest_filter=Mat2x2.Inverse" "--gtest_also_run_disabled_tests"
Directory: /home/runner/work/Gector2/Gector2/build_verify/tests
"Mat2x2.Inverse" start time: Feb 25 08:18 UTC
Output:
----------------------------------------------------------
Running main() from /home/runner/work/Gector2/Gector2/build_verify/_deps/googletest-src/googletest/src/gtest_main.cc
Note: Google Test filter = Mat2x2.Inverse
[==========] Running 1 test from 1 test suite.
[----------] Global test environment set-up.
[----------] 1 test from Mat2x2
[ RUN      ] Mat2x2.Inverse
[       OK ] Mat2x2.Inverse (0 ms)
[----------] 1 test from Mat2x2 (0 ms total)

[----------] Global test environment tear-down
[==========] 1 test from 1 test suite ran. (0 ms total)
[  PASSED  ] 1 test.
<end of output>
Test time =   0.00 sec
----------------------------------------------------------
Test Passed.
"Mat2x2.Inverse" end time: Feb 25 08:18 UTC
"Mat2x2.Inverse" time elapsed: 00:00:00
----------------------------------------------------------

56/286 Testing: Mat2x2.SingularInverse
56/286 Test: Mat2x2.SingularInverse
Command: "/home/runner/work/Gector2/Gector2/build_verify/tests/test_mat2x2" "--gtest_filter=Mat2x2.SingularInverse" "--gtest_also_run_disabled_tests"
Directory: /home/runner/work/Gector2/Gector2/build_verify/tests
"Mat2x2.SingularInverse" start time: Feb 25 08:18 UTC
Output:
----------------------------------------------------------
Running main() from /home/runner/work/Gector2/Gector2/build_verify/_deps/googletest-src/googletest/src/gtest_main.cc
Note: Google Test filter = Mat2x2.SingularInverse
[==========] Running 1 test from 1 test suite.
[----------] Global test environment set-up.
[----------] 1 test from Mat2x2
[ RUN      ] Mat2x2.SingularInverse
[       OK ] Mat2x2.SingularInverse (0 ms)
[----------] 1 test from Mat2x2 (0 ms total)

[----------] Global test environment tear-down
[==========] 1 test from 1 test suite ran. (0 ms total)
[  PASSED  ] 1 test.
<end of output>
Test time =   0.00 sec
----------------------------------------------------------
Test Passed.
"Mat2x2.SingularInverse" end time: Feb 25 08:18 UTC
"Mat2x2.SingularInverse" time elapsed: 00:00:00
----------------------------------------------------------

57/286 Testing: Mat2x2.FuzzyEquals
57/286 Test: Mat2x2.FuzzyEquals
Command: "/home/runner/work/Gector2/Gector2/build_verify/tests/test_mat2x2" "--gtest_filter=Mat2x2.FuzzyEquals" "--gtest_also_run_disabled_tests"
Directory: /home/runner/work/Gector2/Gector2/build_verify/tests
"Mat2x2.FuzzyEquals" start time: Feb 25 08:18 UTC
Output:
----------------------------------------------------------
Running main() from /home/runner/work/Gector2/Gector2/build_verify/_deps/googletest-src/googletest/src/gtest_main.cc
Note: Google Test filter = Mat2x2.FuzzyEquals
[==========] Running 1 test from 1 test suite.
[----------] Global test environment set-up.
[----------] 1 test from Mat2x2
[ RUN      ] Mat2x2.FuzzyEquals
[       OK ] Mat2x2.FuzzyEquals (0 ms)
[----------] 1 test from Mat2x2 (0 ms total)

[----------] Global test environment tear-down
[==========] 1 test from 1 test suite ran. (0 ms total)
[  PASSED  ] 1 test.
<end of output>
Test time =   0.00 sec
----------------------------------------------------------
Test Passed.
"Mat2x2.FuzzyEquals" end time: Feb 25 08:18 UTC
"Mat2x2.FuzzyEquals" time elapsed: 00:00:00
----------------------------------------------------------

58/286 Testing: Mat2x2.ToString
58/286 Test: Mat2x2.ToString
Command: "/home/runner/work/Gector2/Gector2/build_verify/tests/test_mat2x2" "--gtest_filter=Mat2x2.ToString" "--gtest_also_run_disabled_tests"
Directory: /home/runner/work/Gector2/Gector2/build_verify/tests
"Mat2x2.ToString" start time: Feb 25 08:18 UTC
Output:
----------------------------------------------------------
Running main() from /home/runner/work/Gector2/Gector2/build_verify/_deps/googletest-src/googletest/src/gtest_main.cc
Note: Google Test filter = Mat2x2.ToString
[==========] Running 1 test from 1 test suite.
[----------] Global test environment set-up.
[----------] 1 test from Mat2x2
[ RUN      ] Mat2x2.ToString
[       OK ] Mat2x2.ToString (0 ms)
[----------] 1 test from Mat2x2 (0 ms total)

[----------] Global test environment tear-down
[==========] 1 test from 1 test suite ran. (0 ms total)
[  PASSED  ] 1 test.
<end of output>
Test time =   0.00 sec
----------------------------------------------------------
Test Passed.
"Mat2x2.ToString" end time: Feb 25 08:18 UTC
"Mat2x2.ToString" time elapsed: 00:00:00
----------------------------------------------------------

59/286 Testing: Mat3x3.DefaultIsZero
59/286 Test: Mat3x3.DefaultIsZero
Command: "/home/runner/work/Gector2/Gector2/build_verify/tests/test_mat3x3" "--gtest_filter=Mat3x3.DefaultIsZero" "--gtest_also_run_disabled_tests"
Directory: /home/runner/work/Gector2/Gector2/build_verify/tests
"Mat3x3.DefaultIsZero" start time: Feb 25 08:18 UTC
Output:
----------------------------------------------------------
Running main() from /home/runner/work/Gector2/Gector2/build_verify/_deps/googletest-src/googletest/src/gtest_main.cc
Note: Google Test filter = Mat3x3.DefaultIsZero
[==========] Running 1 test from 1 test suite.
[----------] Global test environment set-up.
[----------] 1 test from Mat3x3
[ RUN      ] Mat3x3.DefaultIsZero
[       OK ] Mat3x3.DefaultIsZero (0 ms)
[----------] 1 test from Mat3x3 (0 ms total)

[----------] Global test environment tear-down
[==========] 1 test from 1 test suite ran. (0 ms total)
[  PASSED  ] 1 test.
<end of output>
Test time =   0.00 sec
----------------------------------------------------------
Test Passed.
"Mat3x3.DefaultIsZero" end time: Feb 25 08:18 UTC
"Mat3x3.DefaultIsZero" time elapsed: 00:00:00
----------------------------------------------------------

60/286 Testing: Mat3x3.Identity
60/286 Test: Mat3x3.Identity
Command: "/home/runner/work/Gector2/Gector2/build_verify/tests/test_mat3x3" "--gtest_filter=Mat3x3.Identity" "--gtest_also_run_disabled_tests"
Directory: /home/runner/work/Gector2/Gector2/build_verify/tests
"Mat3x3.Identity" start time: Feb 25 08:18 UTC
Output:
----------------------------------------------------------
Running main() from /home/runner/work/Gector2/Gector2/build_verify/_deps/googletest-src/googletest/src/gtest_main.cc
Note: Google Test filter = Mat3x3.Identity
[==========] Running 1 test from 1 test suite.
[----------] Global test environment set-up.
[----------] 1 test from Mat3x3
[ RUN      ] Mat3x3.Identity
[       OK ] Mat3x3.Identity (0 ms)
[----------] 1 test from Mat3x3 (0 ms total)

[----------] Global test environment tear-down
[==========] 1 test from 1 test suite ran. (0 ms total)
[  PASSED  ] 1 test.
<end of output>
Test time =   0.00 sec
----------------------------------------------------------
Test Passed.
"Mat3x3.Identity" end time: Feb 25 08:18 UTC
"Mat3x3.Identity" time elapsed: 00:00:00
----------------------------------------------------------

61/286 Testing: Mat3x3.MatVecMultiplication
61/286 Test: Mat3x3.MatVecMultiplication
Command: "/home/runner/work/Gector2/Gector2/build_verify/tests/test_mat3x3" "--gtest_filter=Mat3x3.MatVecMultiplication" "--gtest_also_run_disabled_tests"
Directory: /home/runner/work/Gector2/Gector2/build_verify/tests
"Mat3x3.MatVecMultiplication" start time: Feb 25 08:18 UTC
Output:
----------------------------------------------------------
Running main() from /home/runner/work/Gector2/Gector2/build_verify/_deps/googletest-src/googletest/src/gtest_main.cc
Note: Google Test filter = Mat3x3.MatVecMultiplication
[==========] Running 1 test from 1 test suite.
[----------] Global test environment set-up.
[----------] 1 test from Mat3x3
[ RUN      ] Mat3x3.MatVecMultiplication
[       OK ] Mat3x3.MatVecMultiplication (0 ms)
[----------] 1 test from Mat3x3 (0 ms total)

[----------] Global test environment tear-down
[==========] 1 test from 1 test suite ran. (0 ms total)
[  PASSED  ] 1 test.
<end of output>
Test time =   0.00 sec
----------------------------------------------------------
Test Passed.
"Mat3x3.MatVecMultiplication" end time: Feb 25 08:18 UTC
"Mat3x3.MatVecMultiplication" time elapsed: 00:00:00
----------------------------------------------------------

62/286 Testing: Mat3x3.MatMatMultiplication
62/286 Test: Mat3x3.MatMatMultiplication
Command: "/home/runner/work/Gector2/Gector2/build_verify/tests/test_mat3x3" "--gtest_filter=Mat3x3.MatMatMultiplication" "--gtest_also_run_disabled_tests"
Directory: /home/runner/work/Gector2/Gector2/build_verify/tests
"Mat3x3.MatMatMultiplication" start time: Feb 25 08:18 UTC
Output:
----------------------------------------------------------
Running main() from /home/runner/work/Gector2/Gector2/build_verify/_deps/googletest-src/googletest/src/gtest_main.cc
Note: Google Test filter = Mat3x3.MatMatMultiplication
[==========] Running 1 test from 1 test suite.
[----------] Global test environment set-up.
[----------] 1 test from Mat3x3
[ RUN      ] Mat3x3.MatMatMultiplication
[       OK ] Mat3x3.MatMatMultiplication (0 ms)
[----------] 1 test from Mat3x3 (0 ms total)

[----------] Global test environment tear-down
[==========] 1 test from 1 test suite ran. (0 ms total)
[  PASSED  ] 1 test.
<end of output>
Test time =   0.00 sec
----------------------------------------------------------
Test Passed.
"Mat3x3.MatMatMultiplication" end time: Feb 25 08:18 UTC
"Mat3x3.MatMatMultiplication" time elapsed: 00:00:00
----------------------------------------------------------

63/286 Testing: Mat3x3.Transpose
63/286 Test: Mat3x3.Transpose
Command: "/home/runner/work/Gector2/Gector2/build_verify/tests/test_mat3x3" "--gtest_filter=Mat3x3.Transpose" "--gtest_also_run_disabled_tests"
Directory: /home/runner/work/Gector2/Gector2/build_verify/tests
"Mat3x3.Transpose" start time: Feb 25 08:18 UTC
Output:
----------------------------------------------------------
Running main() from /home/runner/work/Gector2/Gector2/build_verify/_deps/googletest-src/googletest/src/gtest_main.cc
Note: Google Test filter = Mat3x3.Transpose
[==========] Running 1 test from 1 test suite.
[----------] Global test environment set-up.
[----------] 1 test from Mat3x3
[ RUN      ] Mat3x3.Transpose
[       OK ] Mat3x3.Transpose (0 ms)
[----------] 1 test from Mat3x3 (0 ms total)

[----------] Global test environment tear-down
[==========] 1 test from 1 test suite ran. (0 ms total)
[  PASSED  ] 1 test.
<end of output>
Test time =   0.00 sec
----------------------------------------------------------
Test Passed.
"Mat3x3.Transpose" end time: Feb 25 08:18 UTC
"Mat3x3.Transpose" time elapsed: 00:00:00
----------------------------------------------------------

64/286 Testing: Mat3x3.Determinant
64/286 Test: Mat3x3.Determinant
Command: "/home/runner/work/Gector2/Gector2/build_verify/tests/test_mat3x3" "--gtest_filter=Mat3x3.Determinant" "--gtest_also_run_disabled_tests"
Directory: /home/runner/work/Gector2/Gector2/build_verify/tests
"Mat3x3.Determinant" start time: Feb 25 08:18 UTC
Output:
----------------------------------------------------------
Running main() from /home/runner/work/Gector2/Gector2/build_verify/_deps/googletest-src/googletest/src/gtest_main.cc
Note: Google Test filter = Mat3x3.Determinant
[==========] Running 1 test from 1 test suite.
[----------] Global test environment set-up.
[----------] 1 test from Mat3x3
[ RUN      ] Mat3x3.Determinant
[       OK ] Mat3x3.Determinant (0 ms)
[----------] 1 test from Mat3x3 (0 ms total)

[----------] Global test environment tear-down
[==========] 1 test from 1 test suite ran. (0 ms total)
[  PASSED  ] 1 test.
<end of output>
Test time =   0.00 sec
----------------------------------------------------------
Test Passed.
"Mat3x3.Determinant" end time: Feb 25 08:18 UTC
"Mat3x3.Determinant" time elapsed: 00:00:00
----------------------------------------------------------

65/286 Testing: Mat3x3.Inverse
65/286 Test: Mat3x3.Inverse
Command: "/home/runner/work/Gector2/Gector2/build_verify/tests/test_mat3x3" "--gtest_filter=Mat3x3.Inverse" "--gtest_also_run_disabled_tests"
Directory: /home/runner/work/Gector2/Gector2/build_verify/tests
"Mat3x3.Inverse" start time: Feb 25 08:18 UTC
Output:
----------------------------------------------------------
Running main() from /home/runner/work/Gector2/Gector2/build_verify/_deps/googletest-src/googletest/src/gtest_main.cc
Note: Google Test filter = Mat3x3.Inverse
[==========] Running 1 test from 1 test suite.
[----------] Global test environment set-up.
[----------] 1 test from Mat3x3
[ RUN      ] Mat3x3.Inverse
[       OK ] Mat3x3.Inverse (0 ms)
[----------] 1 test from Mat3x3 (0 ms total)

[----------] Global test environment tear-down
[==========] 1 test from 1 test suite ran. (0 ms total)
[  PASSED  ] 1 test.
<end of output>
Test time =   0.00 sec
----------------------------------------------------------
Test Passed.
"Mat3x3.Inverse" end time: Feb 25 08:18 UTC
"Mat3x3.Inverse" time elapsed: 00:00:00
----------------------------------------------------------

66/286 Testing: Mat3x3.SingularInverse
66/286 Test: Mat3x3.SingularInverse
Command: "/home/runner/work/Gector2/Gector2/build_verify/tests/test_mat3x3" "--gtest_filter=Mat3x3.SingularInverse" "--gtest_also_run_disabled_tests"
Directory: /home/runner/work/Gector2/Gector2/build_verify/tests
"Mat3x3.SingularInverse" start time: Feb 25 08:18 UTC
Output:
----------------------------------------------------------
Running main() from /home/runner/work/Gector2/Gector2/build_verify/_deps/googletest-src/googletest/src/gtest_main.cc
Note: Google Test filter = Mat3x3.SingularInverse
[==========] Running 1 test from 1 test suite.
[----------] Global test environment set-up.
[----------] 1 test from Mat3x3
[ RUN      ] Mat3x3.SingularInverse
[       OK ] Mat3x3.SingularInverse (0 ms)
[----------] 1 test from Mat3x3 (0 ms total)

[----------] Global test environment tear-down
[==========] 1 test from 1 test suite ran. (0 ms total)
[  PASSED  ] 1 test.
<end of output>
Test time =   0.00 sec
----------------------------------------------------------
Test Passed.
"Mat3x3.SingularInverse" end time: Feb 25 08:18 UTC
"Mat3x3.SingularInverse" time elapsed: 00:00:00
----------------------------------------------------------

67/286 Testing: Mat3x3.RotationAxisAngle90
67/286 Test: Mat3x3.RotationAxisAngle90
Command: "/home/runner/work/Gector2/Gector2/build_verify/tests/test_mat3x3" "--gtest_filter=Mat3x3.RotationAxisAngle90" "--gtest_also_run_disabled_tests"
Directory: /home/runner/work/Gector2/Gector2/build_verify/tests
"Mat3x3.RotationAxisAngle90" start time: Feb 25 08:18 UTC
Output:
----------------------------------------------------------
Running main() from /home/runner/work/Gector2/Gector2/build_verify/_deps/googletest-src/googletest/src/gtest_main.cc
Note: Google Test filter = Mat3x3.RotationAxisAngle90
[==========] Running 1 test from 1 test suite.
[----------] Global test environment set-up.
[----------] 1 test from Mat3x3
[ RUN      ] Mat3x3.RotationAxisAngle90
[       OK ] Mat3x3.RotationAxisAngle90 (0 ms)
[----------] 1 test from Mat3x3 (0 ms total)

[----------] Global test environment tear-down
[==========] 1 test from 1 test suite ran. (0 ms total)
[  PASSED  ] 1 test.
<end of output>
Test time =   0.00 sec
----------------------------------------------------------
Test Passed.
"Mat3x3.RotationAxisAngle90" end time: Feb 25 08:18 UTC
"Mat3x3.RotationAxisAngle90" time elapsed: 00:00:00
----------------------------------------------------------

68/286 Testing: Mat3x3.RotationPreservesNorm
68/286 Test: Mat3x3.RotationPreservesNorm
Command: "/home/runner/work/Gector2/Gector2/build_verify/tests/test_mat3x3" "--gtest_filter=Mat3x3.RotationPreservesNorm" "--gtest_also_run_disabled_tests"
Directory: /home/runner/work/Gector2/Gector2/build_verify/tests
"Mat3x3.RotationPreservesNorm" start time: Feb 25 08:18 UTC
Output:
----------------------------------------------------------
Running main() from /home/runner/work/Gector2/Gector2/build_verify/_deps/googletest-src/googletest/src/gtest_main.cc
Note: Google Test filter = Mat3x3.RotationPreservesNorm
[==========] Running 1 test from 1 test suite.
[----------] Global test environment set-up.
[----------] 1 test from Mat3x3
[ RUN      ] Mat3x3.RotationPreservesNorm
[       OK ] Mat3x3.RotationPreservesNorm (0 ms)
[----------] 1 test from Mat3x3 (0 ms total)

[----------] Global test environment tear-down
[...]
"CurveAnalytic.SVG_Output" time elapsed: 00:00:00
----------------------------------------------------------

272/286 Testing: BSplineCurve.Degree1Polyline
272/286 Test: BSplineCurve.Degree1Polyline
Command: "/home/runner/work/Gector2/Gector2/build_verify/tests/test_curve_bspline" "--gtest_filter=BSplineCurve.Degree1Polyline" "--gtest_also_run_disabled_tests"
Directory: /home/runner/work/Gector2/Gector2/build_verify/tests
"BSplineCurve.Degree1Polyline" start time: Feb 25 08:18 UTC
Output:
----------------------------------------------------------
Running main() from /home/runner/work/Gector2/Gector2/build_verify/_deps/googletest-src/googletest/src/gtest_main.cc
Note: Google Test filter = BSplineCurve.Degree1Polyline
[==========] Running 1 test from 1 test suite.
[----------] Global test environment set-up.
[----------] 1 test from BSplineCurve
[ RUN      ] BSplineCurve.Degree1Polyline
[       OK ] BSplineCurve.Degree1Polyline (0 ms)
[----------] 1 test from BSplineCurve (0 ms total)

[----------] Global test environment tear-down
[==========] 1 test from 1 test suite ran. (0 ms total)
[  PASSED  ] 1 test.
<end of output>
Test time =   0.00 sec
----------------------------------------------------------
Test Passed.
"BSplineCurve.Degree1Polyline" end time: Feb 25 08:18 UTC
"BSplineCurve.Degree1Polyline" time elapsed: 00:00:00
----------------------------------------------------------

273/286 Testing: BSplineCurve.Degree3Cubic
273/286 Test: BSplineCurve.Degree3Cubic
Command: "/home/runner/work/Gector2/Gector2/build_verify/tests/test_curve_bspline" "--gtest_filter=BSplineCurve.Degree3Cubic" "--gtest_also_run_disabled_tests"
Directory: /home/runner/work/Gector2/Gector2/build_verify/tests
"BSplineCurve.Degree3Cubic" start time: Feb 25 08:18 UTC
Output:
----------------------------------------------------------
Running main() from /home/runner/work/Gector2/Gector2/build_verify/_deps/googletest-src/googletest/src/gtest_main.cc
Note: Google Test filter = BSplineCurve.Degree3Cubic
[==========] Running 1 test from 1 test suite.
[----------] Global test environment set-up.
[----------] 1 test from BSplineCurve
[ RUN      ] BSplineCurve.Degree3Cubic
[       OK ] BSplineCurve.Degree3Cubic (0 ms)
[----------] 1 test from BSplineCurve (0 ms total)

[----------] Global test environment tear-down
[==========] 1 test from 1 test suite ran. (0 ms total)
[  PASSED  ] 1 test.
<end of output>
Test time =   0.00 sec
----------------------------------------------------------
Test Passed.
"BSplineCurve.Degree3Cubic" end time: Feb 25 08:18 UTC
"BSplineCurve.Degree3Cubic" time elapsed: 00:00:00
----------------------------------------------------------

274/286 Testing: BSplineCurve.Degree2Quadratic2D
274/286 Test: BSplineCurve.Degree2Quadratic2D
Command: "/home/runner/work/Gector2/Gector2/build_verify/tests/test_curve_bspline" "--gtest_filter=BSplineCurve.Degree2Quadratic2D" "--gtest_also_run_disabled_tests"
Directory: /home/runner/work/Gector2/Gector2/build_verify/tests
"BSplineCurve.Degree2Quadratic2D" start time: Feb 25 08:18 UTC
Output:
----------------------------------------------------------
Running main() from /home/runner/work/Gector2/Gector2/build_verify/_deps/googletest-src/googletest/src/gtest_main.cc
Note: Google Test filter = BSplineCurve.Degree2Quadratic2D
[==========] Running 1 test from 1 test suite.
[----------] Global test environment set-up.
[----------] 1 test from BSplineCurve
[ RUN      ] BSplineCurve.Degree2Quadratic2D
[       OK ] BSplineCurve.Degree2Quadratic2D (0 ms)
[----------] 1 test from BSplineCurve (0 ms total)

[----------] Global test environment tear-down
[==========] 1 test from 1 test suite ran. (0 ms total)
[  PASSED  ] 1 test.
<end of output>
Test time =   0.00 sec
----------------------------------------------------------
Test Passed.
"BSplineCurve.Degree2Quadratic2D" end time: Feb 25 08:18 UTC
"BSplineCurve.Degree2Quadratic2D" time elapsed: 00:00:00
----------------------------------------------------------

275/286 Testing: BSplineCurve.NURBSUnitWeightsMatchBSpline
275/286 Test: BSplineCurve.NURBSUnitWeightsMatchBSpline
Command: "/home/runner/work/Gector2/Gector2/build_verify/tests/test_curve_bspline" "--gtest_filter=BSplineCurve.NURBSUnitWeightsMatchBSpline" "--gtest_also_run_disabled_tests"
Directory: /home/runner/work/Gector2/Gector2/build_verify/tests
"BSplineCurve.NURBSUnitWeightsMatchBSpline" start time: Feb 25 08:18 UTC
Output:
----------------------------------------------------------
Running main() from /home/runner/work/Gector2/Gector2/build_verify/_deps/googletest-src/googletest/src/gtest_main.cc
Note: Google Test filter = BSplineCurve.NURBSUnitWeightsMatchBSpline
[==========] Running 1 test from 1 test suite.
[----------] Global test environment set-up.
[----------] 1 test from BSplineCurve
[ RUN      ] BSplineCurve.NURBSUnitWeightsMatchBSpline
[       OK ] BSplineCurve.NURBSUnitWeightsMatchBSpline (0 ms)
[----------] 1 test from BSplineCurve (0 ms total)

[----------] Global test environment tear-down
[==========] 1 test from 1 test suite ran. (0 ms total)
[  PASSED  ] 1 test.
<end of output>
Test time =   0.00 sec
----------------------------------------------------------
Test Passed.
"BSplineCurve.NURBSUnitWeightsMatchBSpline" end time: Feb 25 08:18 UTC
"BSplineCurve.NURBSUnitWeightsMatchBSpline" time elapsed: 00:00:00
----------------------------------------------------------

276/286 Testing: BSplineCurve.NURBSCircle
276/286 Test: BSplineCurve.NURBSCircle
Command: "/home/runner/work/Gector2/Gector2/build_verify/tests/test_curve_bspline" "--gtest_filter=BSplineCurve.NURBSCircle" "--gtest_also_run_disabled_tests"
Directory: /home/runner/work/Gector2/Gector2/build_verify/tests
"BSplineCurve.NURBSCircle" start time: Feb 25 08:18 UTC
Output:
----------------------------------------------------------
Running main() from /home/runner/work/Gector2/Gector2/build_verify/_deps/googletest-src/googletest/src/gtest_main.cc
Note: Google Test filter = BSplineCurve.NURBSCircle
[==========] Running 1 test from 1 test suite.
[----------] Global test environment set-up.
[----------] 1 test from BSplineCurve
[ RUN      ] BSplineCurve.NURBSCircle
[       OK ] BSplineCurve.NURBSCircle (0 ms)
[----------] 1 test from BSplineCurve (0 ms total)

[----------] Global test environment tear-down
[==========] 1 test from 1 test suite ran. (0 ms total)
[  PASSED  ] 1 test.
<end of output>
Test time =   0.00 sec
----------------------------------------------------------
Test Passed.
"BSplineCurve.NURBSCircle" end time: Feb 25 08:18 UTC
"BSplineCurve.NURBSCircle" time elapsed: 00:00:00
----------------------------------------------------------

277/286 Testing: BSplineCurve.KnotInsertion
277/286 Test: BSplineCurve.KnotInsertion
Command: "/home/runner/work/Gector2/Gector2/build_verify/tests/test_curve_bspline" "--gtest_filter=BSplineCurve.KnotInsertion" "--gtest_also_run_disabled_tests"
Directory: /home/runner/work/Gector2/Gector2/build_verify/tests
"BSplineCurve.KnotInsertion" start time: Feb 25 08:18 UTC
Output:
----------------------------------------------------------
Running main() from /home/runner/work/Gector2/Gector2/build_verify/_deps/googletest-src/googletest/src/gtest_main.cc
Note: Google Test filter = BSplineCurve.KnotInsertion
[==========] Running 1 test from 1 test suite.
[----------] Global test environment set-up.
[----------] 1 test from BSplineCurve
[ RUN      ] BSplineCurve.KnotInsertion
[       OK ] BSplineCurve.KnotInsertion (0 ms)
[----------] 1 test from BSplineCurve (0 ms total)

[----------] Global test environment tear-down
[==========] 1 test from 1 test suite ran. (0 ms total)
[  PASSED  ] 1 test.
<end of output>
Test time =   0.00 sec
----------------------------------------------------------
Test Passed.
"BSplineCurve.KnotInsertion" end time: Feb 25 08:18 UTC
"BSplineCurve.KnotInsertion" time elapsed: 00:00:00
----------------------------------------------------------

278/286 Testing: BSplineCurve.SVG_Output
278/286 Test: BSplineCurve.SVG_Output
Command: "/home/runner/work/Gector2/Gector2/build_verify/tests/test_curve_bspline" "--gtest_filter=BSplineCurve.SVG_Output" "--gtest_also_run_disabled_tests"
Directory: /home/runner/work/Gector2/Gector2/build_verify/tests
"BSplineCurve.SVG_Output" start time: Feb 25 08:18 UTC
Output:
----------------------------------------------------------
Running main() from /home/runner/work/Gector2/Gector2/build_verify/_deps/googletest-src/googletest/src/gtest_main.cc
Note: Google Test filter = BSplineCurve.SVG_Output
[==========] Running 1 test from 1 test suite.
[----------] Global test environment set-up.
[----------] 1 test from BSplineCurve
[ RUN      ] BSplineCurve.SVG_Output
[       OK ] BSplineCurve.SVG_Output (1 ms)
[----------] 1 test from BSplineCurve (1 ms total)

[----------] Global test environment tear-down
[==========] 1 test from 1 test suite ran. (1 ms total)
[  PASSED  ] 1 test.
<end of output>
Test time =   0.00 sec
----------------------------------------------------------
Test Passed.
"BSplineCurve.SVG_Output" end time: Feb 25 08:18 UTC
"BSplineCurve.SVG_Output" time elapsed: 00:00:00
----------------------------------------------------------

279/286 Testing: CurveUtils.ClosestPointLine3
279/286 Test: CurveUtils.ClosestPointLine3
Command: "/home/runner/work/Gector2/Gector2/build_verify/tests/test_curve_utils" "--gtest_filter=CurveUtils.ClosestPointLine3" "--gtest_also_run_disabled_tests"
Directory: /home/runner/work/Gector2/Gector2/build_verify/tests
"CurveUtils.ClosestPointLine3" start time: Feb 25 08:18 UTC
Output:
----------------------------------------------------------
Running main() from /home/runner/work/Gector2/Gector2/build_verify/_deps/googletest-src/googletest/src/gtest_main.cc
Note: Google Test filter = CurveUtils.ClosestPointLine3
[==========] Running 1 test from 1 test suite.
[----------] Global test environment set-up.
[----------] 1 test from CurveUtils
[ RUN      ] CurveUtils.ClosestPointLine3
[       OK ] CurveUtils.ClosestPointLine3 (0 ms)
[----------] 1 test from CurveUtils (0 ms total)

[----------] Global test environment tear-down
[==========] 1 test from 1 test suite ran. (0 ms total)
[  PASSED  ] 1 test.
<end of output>
Test time =   0.00 sec
----------------------------------------------------------
Test Passed.
"CurveUtils.ClosestPointLine3" end time: Feb 25 08:18 UTC
"CurveUtils.ClosestPointLine3" time elapsed: 00:00:00
----------------------------------------------------------

280/286 Testing: CurveUtils.ClosestPointCircle3Inside
280/286 Test: CurveUtils.ClosestPointCircle3Inside
Command: "/home/runner/work/Gector2/Gector2/build_verify/tests/test_curve_utils" "--gtest_filter=CurveUtils.ClosestPointCircle3Inside" "--gtest_also_run_disabled_tests"
Directory: /home/runner/work/Gector2/Gector2/build_verify/tests
"CurveUtils.ClosestPointCircle3Inside" start time: Feb 25 08:18 UTC
Output:
----------------------------------------------------------
Running main() from /home/runner/work/Gector2/Gector2/build_verify/_deps/googletest-src/googletest/src/gtest_main.cc
Note: Google Test filter = CurveUtils.ClosestPointCircle3Inside
[==========] Running 1 test from 1 test suite.
[----------] Global test environment set-up.
[----------] 1 test from CurveUtils
[ RUN      ] CurveUtils.ClosestPointCircle3Inside
[       OK ] CurveUtils.ClosestPointCircle3Inside (0 ms)
[----------] 1 test from CurveUtils (0 ms total)

[----------] Global test environment tear-down
[==========] 1 test from 1 test suite ran. (0 ms total)
[  PASSED  ] 1 test.
<end of output>
Test time =   0.00 sec
----------------------------------------------------------
Test Passed.
"CurveUtils.ClosestPointCircle3Inside" end time: Feb 25 08:18 UTC
"CurveUtils.ClosestPointCircle3Inside" time elapsed: 00:00:00
----------------------------------------------------------

281/286 Testing: CurveUtils.ClosestPointCircle3Outside
281/286 Test: CurveUtils.ClosestPointCircle3Outside
Command: "/home/runner/work/Gector2/Gector2/build_verify/tests/test_curve_utils" "--gtest_filter=CurveUtils.ClosestPointCircle3Outside" "--gtest_also_run_disabled_tests"
Directory: /home/runner/work/Gector2/Gector2/build_verify/tests
"CurveUtils.ClosestPointCircle3Outside" start time: Feb 25 08:18 UTC
Output:
----------------------------------------------------------
Running main() from /home/runner/work/Gector2/Gector2/build_verify/_deps/googletest-src/googletest/src/gtest_main.cc
Note: Google Test filter = CurveUtils.ClosestPointCircle3Outside
[==========] Running 1 test from 1 test suite.
[----------] Global test environment set-up.
[----------] 1 test from CurveUtils
[ RUN      ] CurveUtils.ClosestPointCircle3Outside
[       OK ] CurveUtils.ClosestPointCircle3Outside (0 ms)
[----------] 1 test from CurveUtils (0 ms total)

[----------] Global test environment tear-down
[==========] 1 test from 1 test suite ran. (0 ms total)
[  PASSED  ] 1 test.
<end of output>
Test time =   0.00 sec
----------------------------------------------------------
Test Passed.
"CurveUtils.ClosestPointCircle3Outside" end time: Feb 25 08:18 UTC
"CurveUtils.ClosestPointCircle3Outside" time elapsed: 00:00:00
----------------------------------------------------------

282/286 Testing: CurveUtils.ClosestPointCircle3AtCenter
282/286 Test: CurveUtils.ClosestPointCircle3AtCenter
Command: "/home/runner/work/Gector2/Gector2/build_verify/tests/test_curve_utils" "--gtest_filter=CurveUtils.ClosestPointCircle3AtCenter" "--gtest_also_run_disabled_tests"
Directory: /home/runner/work/Gector2/Gector2/build_verify/tests
"CurveUtils.ClosestPointCircle3AtCenter" start time: Feb 25 08:18 UTC
Output:
----------------------------------------------------------
Running main() from /home/runner/work/Gector2/Gector2/build_verify/_deps/googletest-src/googletest/src/gtest_main.cc
Note: Google Test filter = CurveUtils.ClosestPointCircle3AtCenter
[==========] Running 1 test from 1 test suite.
[----------] Global test environment set-up.
[----------] 1 test from CurveUtils
[ RUN      ] CurveUtils.ClosestPointCircle3AtCenter
[       OK ] CurveUtils.ClosestPointCircle3AtCenter (0 ms)
[----------] 1 test from CurveUtils (0 ms total)

[----------] Global test environment tear-down
[==========] 1 test from 1 test suite ran. (0 ms total)
[  PASSED  ] 1 test.
<end of output>
Test time =   0.00 sec
----------------------------------------------------------
Test Passed.
"CurveUtils.ClosestPointCircle3AtCenter" end time: Feb 25 08:18 UTC
"CurveUtils.ClosestPointCircle3AtCenter" time elapsed: 00:00:00
----------------------------------------------------------

283/286 Testing: CurveUtils.ClosestPointBSpline3
283/286 Test: CurveUtils.ClosestPointBSpline3
Command: "/home/runner/work/Gector2/Gector2/build_verify/tests/test_curve_utils" "--gtest_filter=CurveUtils.ClosestPointBSpline3" "--gtest_also_run_disabled_tests"
Directory: /home/runner/work/Gector2/Gector2/build_verify/tests
"CurveUtils.ClosestPointBSpline3" start time: Feb 25 08:18 UTC
Output:
----------------------------------------------------------
Running main() from /home/runner/work/Gector2/Gector2/build_verify/_deps/googletest-src/googletest/src/gtest_main.cc
Note: Google Test filter = CurveUtils.ClosestPointBSpline3
[==========] Running 1 test from 1 test suite.
[----------] Global test environment set-up.
[----------] 1 test from CurveUtils
[ RUN      ] CurveUtils.ClosestPointBSpline3
[       OK ] CurveUtils.ClosestPointBSpline3 (0 ms)
[----------] 1 test from CurveUtils (0 ms total)

[----------] Global test environment tear-down
[==========] 1 test from 1 test suite ran. (0 ms total)
[  PASSED  ] 1 test.
<end of output>
Test time =   0.00 sec
----------------------------------------------------------
Test Passed.
"CurveUtils.ClosestPointBSpline3" end time: Feb 25 08:18 UTC
"CurveUtils.ClosestPointBSpline3" time elapsed: 00:00:00
----------------------------------------------------------

284/286 Testing: CurveUtils.ArcLengthTableUnitCircle
284/286 Test: CurveUtils.ArcLengthTableUnitCircle
Command: "/home/runner/work/Gector2/Gector2/build_verify/tests/test_curve_utils" "--gtest_filter=CurveUtils.ArcLengthTableUnitCircle" "--gtest_also_run_disabled_tests"
Directory: /home/runner/work/Gector2/Gector2/build_verify/tests
"CurveUtils.ArcLengthTableUnitCircle" start time: Feb 25 08:18 UTC
Output:
----------------------------------------------------------
Running main() from /home/runner/work/Gector2/Gector2/build_verify/_deps/googletest-src/googletest/src/gtest_main.cc
Note: Google Test filter = CurveUtils.ArcLengthTableUnitCircle
[==========] Running 1 test from 1 test suite.
[----------] Global test environment set-up.
[----------] 1 test from CurveUtils
[ RUN      ] CurveUtils.ArcLengthTableUnitCircle
[       OK ] CurveUtils.ArcLengthTableUnitCircle (0 ms)
[----------] 1 test from CurveUtils (0 ms total)

[----------] Global test environment tear-down
[==========] 1 test from 1 test suite ran. (0 ms total)
[  PASSED  ] 1 test.
<end of output>
Test time =   0.00 sec
----------------------------------------------------------
Test Passed.
"CurveUtils.ArcLengthTableUnitCircle" end time: Feb 25 08:18 UTC
"CurveUtils.ArcLengthTableUnitCircle" time elapsed: 00:00:00
----------------------------------------------------------

285/286 Testing: CurveUtils.Intersect2DTwoLines
285/286 Test: CurveUtils.Intersect2DTwoLines
Command: "/home/runner/work/Gector2/Gector2/build_verify/tests/test_curve_utils" "--gtest_filter=CurveUtils.Intersect2DTwoLines" "--gtest_also_run_disabled_tests"
Directory: /home/runner/work/Gector2/Gector2/build_verify/tests
"CurveUtils.Intersect2DTwoLines" start time: Feb 25 08:18 UTC
Output:
----------------------------------------------------------
Running main() from /home/runner/work/Gector2/Gector2/build_verify/_deps/googletest-src/googletest/src/gtest_main.cc
Note: Google Test filter = CurveUtils.Intersect2DTwoLines
[==========] Running 1 test from 1 test suite.
[----------] Global test environment set-up.
[----------] 1 test from CurveUtils
[ RUN      ] CurveUtils.Intersect2DTwoLines
[       OK ] CurveUtils.Intersect2DTwoLines (0 ms)
[----------] 1 test from CurveUtils (0 ms total)

[----------] Global test environment tear-down
[==========] 1 test from 1 test suite ran. (0 ms total)
[  PASSED  ] 1 test.
<end of output>
Test time =   0.00 sec
----------------------------------------------------------
Test Passed.
"CurveUtils.Intersect2DTwoLines" end time: Feb 25 08:18 UTC
"CurveUtils.Intersect2DTwoLines" time elapsed: 00:00:00
----------------------------------------------------------

286/286 Testing: CurveUtils.Intersect2DLineAndCircle
286/286 Test: CurveUtils.Intersect2DLineAndCircle
Command: "/home/runner/work/Gector2/Gector2/build_verify/tests/test_curve_utils" "--gtest_filter=CurveUtils.Intersect2DLineAndCircle" "--gtest_also_run_disabled_tests"
Directory: /home/runner/work/Gector2/Gector2/build_verify/tests
"CurveUtils.Intersect2DLineAndCircle" start time: Feb 25 08:18 UTC
Output:
----------------------------------------------------------
Running main() from /home/runner/work/Gector2/Gector2/build_verify/_deps/googletest-src/googletest/src/gtest_main.cc
Note: Google Test filter = CurveUtils.Intersect2DLineAndCircle
[==========] Running 1 test from 1 test suite.
[----------] Global test environment set-up.
[----------] 1 test from CurveUtils
[ RUN      ] CurveUtils.Intersect2DLineAndCircle
[       OK ] CurveUtils.Intersect2DLineAndCircle (0 ms)
[----------] 1 test from CurveUtils (0 ms total)

[----------] Global test environment tear-down
[==========] 1 test from 1 test suite ran. (0 ms total)
[  PASSED  ] 1 test.
<end of output>
Test time =   0.00 sec
----------------------------------------------------------
Test Passed.
"CurveUtils.Intersect2DLineAndCircle" end time: Feb 25 08:18 UTC
"CurveUtils.Intersect2DLineAndCircle" time elapsed: 00:00:00
----------------------------------------------------------

End testing: Feb 25 08:18 UTC
